Detecting C compiler ABI info failed to compile with the following output:
Change Dir: C:/Users/kamil/Desktop/TP-projekt-3/build/CMakeFiles/CMakeScratch/TryCompile-eb9kf6

Run Build Command(s):C:/PROGRA~2/Borland/CBUILD~1/Bin/make.exe -f Makefile cmTC_7d86a/fast && MAKE Version 5.2  Copyright (c) 1987, 2000 Borland
Error Makefile 10: Colon expected
*** 1 errors during make ***




Determining if the C compiler works failed with the following output:
Change Dir: C:/Users/kamil/Desktop/TP-projekt-3/build/CMakeFiles/CMakeScratch/TryCompile-2t9xau

Run Build Command(s):C:/PROGRA~2/Borland/CBUILD~1/Bin/make.exe -f Makefile cmTC_ee0d8/fast && MAKE Version 5.2  Copyright (c) 1987, 2000 Borland
Error Makefile 10: Colon expected
*** 1 errors during make ***



Detecting C compiler ABI info failed to compile with the following output:
Change Dir: C:/Users/kamil/Desktop/TP-projekt-3/build/CMakeFiles/CMakeScratch/TryCompile-lz0dne

Run Build Command(s):C:/PROGRA~2/Borland/CBUILD~1/Bin/make.exe -f Makefile cmTC_8f3be/fast && MAKE Version 5.2  Copyright (c) 1987, 2000 Borland
Error Makefile 10: Colon expected
*** 1 errors during make ***




Determining if the C compiler works failed with the following output:
Change Dir: C:/Users/kamil/Desktop/TP-projekt-3/build/CMakeFiles/CMakeScratch/TryCompile-o4gfzd

Run Build Command(s):C:/PROGRA~2/Borland/CBUILD~1/Bin/make.exe -f Makefile cmTC_bfa9d/fast && MAKE Version 5.2  Copyright (c) 1987, 2000 Borland
Error Makefile 10: Colon expected
*** 1 errors during make ***



Detecting C compiler ABI info failed to compile with the following output:
Change Dir: C:/Users/kamil/Desktop/TP-projekt-3/build/CMakeFiles/CMakeScratch/TryCompile-ymfgdf

Run Build Command(s):C:/PROGRA~2/Borland/CBUILD~1/Bin/make.exe -f Makefile cmTC_22980/fast && MAKE Version 5.2  Copyright (c) 1987, 2000 Borland
Error Makefile 10: Colon expected
*** 1 errors during make ***




Determining if the C compiler works failed with the following output:
Change Dir: C:/Users/kamil/Desktop/TP-projekt-3/build/CMakeFiles/CMakeScratch/TryCompile-zxkfzq

Run Build Command(s):C:/PROGRA~2/Borland/CBUILD~1/Bin/make.exe -f Makefile cmTC_c3ae3/fast && MAKE Version 5.2  Copyright (c) 1987, 2000 Borland
Error Makefile 10: Colon expected
*** 1 errors during make ***



Detecting C compiler ABI info failed to compile with the following output:
Change Dir: C:/Users/kamil/Desktop/TP-projekt-3/build/CMakeFiles/CMakeScratch/TryCompile-sjccho

Run Build Command(s):C:/PROGRA~2/Borland/CBUILD~1/Bin/make.exe -f Makefile cmTC_490db/fast && MAKE Version 5.2  Copyright (c) 1987, 2000 Borland
Error Makefile 10: Colon expected
*** 1 errors during make ***




Determining if the C compiler works failed with the following output:
Change Dir: C:/Users/kamil/Desktop/TP-projekt-3/build/CMakeFiles/CMakeScratch/TryCompile-yb0hk0

Run Build Command(s):C:/PROGRA~2/Borland/CBUILD~1/Bin/make.exe -f Makefile cmTC_31d50/fast && MAKE Version 5.2  Copyright (c) 1987, 2000 Borland
Error Makefile 10: Colon expected
*** 1 errors during make ***



Detecting C compiler ABI info failed to compile with the following output:
Change Dir: C:/Users/kamil/Desktop/TP-projekt-3/build/CMakeFiles/CMakeScratch/TryCompile-ndrpfi

Run Build Command(s):C:/PROGRA~2/Borland/CBUILD~1/Bin/make.exe -f Makefile cmTC_05330/fast && MAKE Version 5.2  Copyright (c) 1987, 2000 Borland
Error Makefile 10: Colon expected
*** 1 errors during make ***




Determining if the C compiler works failed with the following output:
Change Dir: C:/Users/kamil/Desktop/TP-projekt-3/build/CMakeFiles/CMakeScratch/TryCompile-qi53p6

Run Build Command(s):C:/PROGRA~2/Borland/CBUILD~1/Bin/make.exe -f Makefile cmTC_242a2/fast && MAKE Version 5.2  Copyright (c) 1987, 2000 Borland
Error Makefile 10: Colon expected
*** 1 errors during make ***



Detecting C compiler ABI info failed to compile with the following output:
Change Dir: C:/Users/kamil/Desktop/TP-projekt-3/build/CMakeFiles/CMakeScratch/TryCompile-zvtob2

Run Build Command(s):C:/PROGRA~2/Borland/CBUILD~1/Bin/make.exe -f Makefile cmTC_fa2b8/fast && MAKE Version 5.2  Copyright (c) 1987, 2000 Borland
Error Makefile 10: Colon expected
*** 1 errors during make ***




Determining if the C compiler works failed with the following output:
Change Dir: C:/Users/kamil/Desktop/TP-projekt-3/build/CMakeFiles/CMakeScratch/TryCompile-vsmp3t

Run Build Command(s):C:/PROGRA~2/Borland/CBUILD~1/Bin/make.exe -f Makefile cmTC_4aa6b/fast && MAKE Version 5.2  Copyright (c) 1987, 2000 Borland
Error Makefile 10: Colon expected
*** 1 errors during make ***



Detecting C compiler ABI info failed to compile with the following output:
Change Dir: C:/Users/kamil/Desktop/TP-projekt-3/build/CMakeFiles/CMakeScratch/TryCompile-8e0y9a

Run Build Command(s):C:/PROGRA~2/Borland/CBUILD~1/Bin/make.exe -f Makefile cmTC_d208a/fast && MAKE Version 5.2  Copyright (c) 1987, 2000 Borland
Error Makefile 10: Colon expected
*** 1 errors during make ***




Determining if the C compiler works failed with the following output:
Change Dir: C:/Users/kamil/Desktop/TP-projekt-3/build/CMakeFiles/CMakeScratch/TryCompile-dkdpby

Run Build Command(s):C:/PROGRA~2/Borland/CBUILD~1/Bin/make.exe -f Makefile cmTC_fa0c9/fast && MAKE Version 5.2  Copyright (c) 1987, 2000 Borland
Error Makefile 10: Colon expected
*** 1 errors during make ***



Detecting C compiler ABI info failed to compile with the following output:
Change Dir: C:/Users/kamil/Desktop/TP-projekt-3/build/CMakeFiles/CMakeScratch/TryCompile-qv4sj7

Run Build Command(s):C:/PROGRA~2/Borland/CBUILD~1/Bin/make.exe -f Makefile cmTC_90227/fast && MAKE Version 5.2  Copyright (c) 1987, 2000 Borland
Error Makefile 10: Colon expected
*** 1 errors during make ***




Determining if the C compiler works failed with the following output:
Change Dir: C:/Users/kamil/Desktop/TP-projekt-3/build/CMakeFiles/CMakeScratch/TryCompile-04jpk0

Run Build Command(s):C:/PROGRA~2/Borland/CBUILD~1/Bin/make.exe -f Makefile cmTC_866b4/fast && MAKE Version 5.2  Copyright (c) 1987, 2000 Borland
Error Makefile 10: Colon expected
*** 1 errors during make ***



Detecting C compiler ABI info failed to compile with the following output:
Change Dir: C:/Users/kamil/Desktop/TP-projekt-3/build/CMakeFiles/CMakeScratch/TryCompile-cn8re2

Run Build Command(s):C:/PROGRA~2/Borland/CBUILD~1/Bin/make.exe -f Makefile cmTC_9b5d2/fast && MAKE Version 5.2  Copyright (c) 1987, 2000 Borland
Error Makefile 10: Colon expected
*** 1 errors during make ***




Determining if the C compiler works failed with the following output:
Change Dir: C:/Users/kamil/Desktop/TP-projekt-3/build/CMakeFiles/CMakeScratch/TryCompile-bystzy

Run Build Command(s):C:/PROGRA~2/Borland/CBUILD~1/Bin/make.exe -f Makefile cmTC_0823c/fast && MAKE Version 5.2  Copyright (c) 1987, 2000 Borland
Error Makefile 10: Colon expected
*** 1 errors during make ***



Detecting C compiler ABI info failed to compile with the following output:
Change Dir: C:/Users/kamil/Desktop/TP-projekt-3/build/CMakeFiles/CMakeScratch/TryCompile-a0pfvr

Run Build Command(s):C:/PROGRA~2/Borland/CBUILD~1/Bin/make.exe -f Makefile cmTC_63eea/fast && MAKE Version 5.2  Copyright (c) 1987, 2000 Borland
Error Makefile 10: Colon expected
*** 1 errors during make ***




Determining if the C compiler works failed with the following output:
Change Dir: C:/Users/kamil/Desktop/TP-projekt-3/build/CMakeFiles/CMakeScratch/TryCompile-xfdebw

Run Build Command(s):C:/PROGRA~2/Borland/CBUILD~1/Bin/make.exe -f Makefile cmTC_fcfd1/fast && MAKE Version 5.2  Copyright (c) 1987, 2000 Borland
Error Makefile 10: Colon expected
*** 1 errors during make ***



Detecting C compiler ABI info failed to compile with the following output:
Change Dir: C:/Users/kamil/Desktop/TP-projekt-3/build/CMakeFiles/CMakeScratch/TryCompile-uh6s3r

Run Build Command(s):C:/PROGRA~2/Borland/CBUILD~1/Bin/make.exe -f Makefile cmTC_11c6e/fast && MAKE Version 5.2  Copyright (c) 1987, 2000 Borland
Error Makefile 10: Colon expected
*** 1 errors during make ***




Determining if the C compiler works failed with the following output:
Change Dir: C:/Users/kamil/Desktop/TP-projekt-3/build/CMakeFiles/CMakeScratch/TryCompile-6z62db

Run Build Command(s):C:/PROGRA~2/Borland/CBUILD~1/Bin/make.exe -f Makefile cmTC_2d61b/fast && MAKE Version 5.2  Copyright (c) 1987, 2000 Borland
Error Makefile 10: Colon expected
*** 1 errors during make ***



Detecting C compiler ABI info failed to compile with the following output:
Change Dir: C:/Users/kamil/Desktop/TP-projekt-3/build/CMakeFiles/CMakeScratch/TryCompile-exqxns

Run Build Command(s):C:/PROGRA~2/Borland/CBUILD~1/Bin/make.exe -f Makefile cmTC_0b097/fast && MAKE Version 5.2  Copyright (c) 1987, 2000 Borland
Error Makefile 10: Colon expected
*** 1 errors during make ***




Determining if the C compiler works failed with the following output:
Change Dir: C:/Users/kamil/Desktop/TP-projekt-3/build/CMakeFiles/CMakeScratch/TryCompile-3yks7b

Run Build Command(s):C:/PROGRA~2/Borland/CBUILD~1/Bin/make.exe -f Makefile cmTC_9335a/fast && MAKE Version 5.2  Copyright (c) 1987, 2000 Borland
Error Makefile 10: Colon expected
*** 1 errors during make ***



Detecting C compiler ABI info failed to compile with the following output:
Change Dir: C:/Users/kamil/Desktop/TP-projekt-3/build/CMakeFiles/CMakeScratch/TryCompile-4zv53v

Run Build Command(s):C:/PROGRA~2/Borland/CBUILD~1/Bin/make.exe -f Makefile cmTC_2fd5c/fast && MAKE Version 5.2  Copyright (c) 1987, 2000 Borland
Error Makefile 10: Colon expected
*** 1 errors during make ***




Determining if the C compiler works failed with the following output:
Change Dir: C:/Users/kamil/Desktop/TP-projekt-3/build/CMakeFiles/CMakeScratch/TryCompile-n1epvu

Run Build Command(s):C:/PROGRA~2/Borland/CBUILD~1/Bin/make.exe -f Makefile cmTC_115fe/fast && MAKE Version 5.2  Copyright (c) 1987, 2000 Borland
Error Makefile 10: Colon expected
*** 1 errors during make ***



Detecting C compiler ABI info failed to compile with the following output:
Change Dir: C:/Users/kamil/Desktop/TP-projekt-3/build/CMakeFiles/CMakeScratch/TryCompile-hqw23k

Run Build Command(s):C:/PROGRA~2/Borland/CBUILD~1/Bin/make.exe -f Makefile cmTC_a337a/fast && MAKE Version 5.2  Copyright (c) 1987, 2000 Borland
Error Makefile 10: Colon expected
*** 1 errors during make ***




Determining if the C compiler works failed with the following output:
Change Dir: C:/Users/kamil/Desktop/TP-projekt-3/build/CMakeFiles/CMakeScratch/TryCompile-h7v6yr

Run Build Command(s):C:/PROGRA~2/Borland/CBUILD~1/Bin/make.exe -f Makefile cmTC_4ba83/fast && MAKE Version 5.2  Copyright (c) 1987, 2000 Borland
Error Makefile 10: Colon expected
*** 1 errors during make ***



Determining if the function sgemm_ exists failed with the following output:
Change Dir: C:/Users/kamil/Desktop/tp_projekt_3/build/CMakeFiles/CMakeScratch/TryCompile-xxk273

Run Build Command(s):C:/msys64/mingw64/bin/mingw32-make.exe -f Makefile cmTC_9d653/fast && C:/msys64/mingw64/bin/mingw32-make.exe  -f CMakeFiles\cmTC_9d653.dir\build.make CMakeFiles/cmTC_9d653.dir/build
mingw32-make[1]: Entering directory 'C:/Users/kamil/Desktop/tp_projekt_3/build/CMakeFiles/CMakeScratch/TryCompile-xxk273'
Building C object CMakeFiles/cmTC_9d653.dir/CheckFunctionExists.c.obj
C:\msys64\mingw64\bin\gcc.exe   -DCHECK_FUNCTION_EXISTS=sgemm_ -o CMakeFiles\cmTC_9d653.dir\CheckFunctionExists.c.obj -c C:\Users\kamil\Desktop\tp_projekt_3\build\CMakeFiles\CMakeScratch\TryCompile-xxk273\CheckFunctionExists.c
Linking C executable cmTC_9d653.exe
"C:\Program Files\Microsoft Visual Studio\2022\Community\Common7\IDE\CommonExtensions\Microsoft\CMake\CMake\bin\cmake.exe" -E cmake_link_script CMakeFiles\cmTC_9d653.dir\link.txt --verbose=1
"C:\Program Files\Microsoft Visual Studio\2022\Community\Common7\IDE\CommonExtensions\Microsoft\CMake\CMake\bin\cmake.exe" -E rm -f CMakeFiles\cmTC_9d653.dir/objects.a
C:\msys64\mingw64\bin\ar.exe qc CMakeFiles\cmTC_9d653.dir/objects.a @CMakeFiles\cmTC_9d653.dir\objects1
C:\msys64\mingw64\bin\gcc.exe  -DCHECK_FUNCTION_EXISTS=sgemm_ -Wl,--whole-archive CMakeFiles\cmTC_9d653.dir/objects.a -Wl,--no-whole-archive -o cmTC_9d653.exe -Wl,--out-implib,libcmTC_9d653.dll.a -Wl,--major-image-version,0,--minor-image-version,0 @CMakeFiles\cmTC_9d653.dir\linkLibs.rsp
C:/msys64/mingw64/bin/../lib/gcc/x86_64-w64-mingw32/12.2.0/../../../../x86_64-w64-mingw32/bin/ld.exe: CMakeFiles\cmTC_9d653.dir/objects.a(CheckFunctionExists.c.obj):CheckFunctionExists.c:(.text+0x15): undefined reference to `sgemm_'
collect2.exe: error: ld returned 1 exit status
mingw32-make[1]: *** [CMakeFiles\cmTC_9d653.dir\build.make:100: cmTC_9d653.exe] Error 1
mingw32-make[1]: Leaving directory 'C:/Users/kamil/Desktop/tp_projekt_3/build/CMakeFiles/CMakeScratch/TryCompile-xxk273'
mingw32-make: *** [Makefile:126: cmTC_9d653/fast] Error 2



Determining if the __fbufsize exist failed with the following output:
Change Dir: C:/Users/kamil/Desktop/tp_projekt_3/build/CMakeFiles/CMakeScratch/TryCompile-b2v4hl

Run Build Command(s):C:/msys64/mingw64/bin/mingw32-make.exe -f Makefile cmTC_f0824/fast && C:/msys64/mingw64/bin/mingw32-make.exe  -f CMakeFiles\cmTC_f0824.dir\build.make CMakeFiles/cmTC_f0824.dir/build
mingw32-make[1]: Entering directory 'C:/Users/kamil/Desktop/tp_projekt_3/build/CMakeFiles/CMakeScratch/TryCompile-b2v4hl'
Building C object CMakeFiles/cmTC_f0824.dir/CheckSymbolExists.c.obj
C:\msys64\mingw64\bin\gcc.exe    -o CMakeFiles\cmTC_f0824.dir\CheckSymbolExists.c.obj -c C:\Users\kamil\Desktop\tp_projekt_3\build\CMakeFiles\CMakeScratch\TryCompile-b2v4hl\CheckSymbolExists.c
C:\Users\kamil\Desktop\tp_projekt_3\build\CMakeFiles\CMakeScratch\TryCompile-b2v4hl\CheckSymbolExists.c:2:10: fatal error: stdio_ext.h: No such file or directory
    2 | #include <stdio_ext.h>
      |          ^~~~~~~~~~~~~
compilation terminated.
mingw32-make[1]: *** [CMakeFiles\cmTC_f0824.dir\build.make:77: CMakeFiles/cmTC_f0824.dir/CheckSymbolExists.c.obj] Error 1
mingw32-make[1]: Leaving directory 'C:/Users/kamil/Desktop/tp_projekt_3/build/CMakeFiles/CMakeScratch/TryCompile-b2v4hl'
mingw32-make: *** [Makefile:126: cmTC_f0824/fast] Error 2


File CheckSymbolExists.c:
/* */
#include <stdio_ext.h>

int main(int argc, char** argv)
{
  (void)argv;
#ifndef __fbufsize
  return ((int*)(&__fbufsize))[argc];
#else
  (void)argc;
  return 0;
#endif
}
Determining if the __GLIBC__ exist failed with the following output:
Change Dir: C:/Users/kamil/Desktop/tp_projekt_3/build/CMakeFiles/CMakeScratch/TryCompile-t8unvv

Run Build Command(s):C:/msys64/mingw64/bin/mingw32-make.exe -f Makefile cmTC_c342d/fast && C:/msys64/mingw64/bin/mingw32-make.exe  -f CMakeFiles\cmTC_c342d.dir\build.make CMakeFiles/cmTC_c342d.dir/build
mingw32-make[1]: Entering directory 'C:/Users/kamil/Desktop/tp_projekt_3/build/CMakeFiles/CMakeScratch/TryCompile-t8unvv'
Building C object CMakeFiles/cmTC_c342d.dir/CheckSymbolExists.c.obj
C:\msys64\mingw64\bin\gcc.exe    -o CMakeFiles\cmTC_c342d.dir\CheckSymbolExists.c.obj -c C:\Users\kamil\Desktop\tp_projekt_3\build\CMakeFiles\CMakeScratch\TryCompile-t8unvv\CheckSymbolExists.c
C:\Users\kamil\Desktop\tp_projekt_3\build\CMakeFiles\CMakeScratch\TryCompile-t8unvv\CheckSymbolExists.c: In function 'main':
C:\Users\kamil\Desktop\tp_projekt_3\build\CMakeFiles\CMakeScratch\TryCompile-t8unvv\CheckSymbolExists.c:8:19: error: '__GLIBC__' undeclared (first use in this function); did you mean '__LINE__'?
    8 |   return ((int*)(&__GLIBC__))[argc];
      |                   ^~~~~~~~~
      |                   __LINE__
C:\Users\kamil\Desktop\tp_projekt_3\build\CMakeFiles\CMakeScratch\TryCompile-t8unvv\CheckSymbolExists.c:8:19: note: each undeclared identifier is reported only once for each function it appears in
mingw32-make[1]: *** [CMakeFiles\cmTC_c342d.dir\build.make:77: CMakeFiles/cmTC_c342d.dir/CheckSymbolExists.c.obj] Error 1
mingw32-make[1]: Leaving directory 'C:/Users/kamil/Desktop/tp_projekt_3/build/CMakeFiles/CMakeScratch/TryCompile-t8unvv'
mingw32-make: *** [Makefile:126: cmTC_c342d/fast] Error 2


File CheckSymbolExists.c:
/* */
#include <stdlib.h>

int main(int argc, char** argv)
{
  (void)argv;
#ifndef __GLIBC__
  return ((int*)(&__GLIBC__))[argc];
#else
  (void)argc;
  return 0;
#endif
}
Performing C SOURCE FILE Test CHECK_CPU_ARCHITECTURE_X86 failed with the following output:
Change Dir: C:/Users/kamil/Desktop/tp_projekt_3/build/CMakeFiles/CMakeScratch/TryCompile-vsagzl

Run Build Command(s):C:/msys64/mingw64/bin/mingw32-make.exe -f Makefile cmTC_800eb/fast && C:/msys64/mingw64/bin/mingw32-make.exe  -f CMakeFiles\cmTC_800eb.dir\build.make CMakeFiles/cmTC_800eb.dir/build
mingw32-make[1]: Entering directory 'C:/Users/kamil/Desktop/tp_projekt_3/build/CMakeFiles/CMakeScratch/TryCompile-vsagzl'
Building C object CMakeFiles/cmTC_800eb.dir/src.c.obj
C:\msys64\mingw64\bin\gcc.exe -DCHECK_CPU_ARCHITECTURE_X86   -o CMakeFiles\cmTC_800eb.dir\src.c.obj -c C:\Users\kamil\Desktop\tp_projekt_3\build\CMakeFiles\CMakeScratch\TryCompile-vsagzl\src.c
C:\Users\kamil\Desktop\tp_projekt_3\build\CMakeFiles\CMakeScratch\TryCompile-vsagzl\src.c: In function 'main':
C:\Users\kamil\Desktop\tp_projekt_3\build\CMakeFiles\CMakeScratch\TryCompile-vsagzl\src.c:6:3: error: 'choke' undeclared (first use in this function)
    6 |   choke
      |   ^~~~~
C:\Users\kamil\Desktop\tp_projekt_3\build\CMakeFiles\CMakeScratch\TryCompile-vsagzl\src.c:6:3: note: each undeclared identifier is reported only once for each function it appears in
C:\Users\kamil\Desktop\tp_projekt_3\build\CMakeFiles\CMakeScratch\TryCompile-vsagzl\src.c:6:8: error: expected ';' before '}' token
    6 |   choke
      |        ^
      |        ;
    7 | #endif
    8 | }
      | ~       
mingw32-make[1]: *** [CMakeFiles\cmTC_800eb.dir\build.make:77: CMakeFiles/cmTC_800eb.dir/src.c.obj] Error 1
mingw32-make[1]: Leaving directory 'C:/Users/kamil/Desktop/tp_projekt_3/build/CMakeFiles/CMakeScratch/TryCompile-vsagzl'
mingw32-make: *** [Makefile:126: cmTC_800eb/fast] Error 2


Source file was:

int main(int argc, char *argv[]) {
#if defined(__i386__) || defined(__i486__) || defined(__i586__) || defined(__i686__) ||defined( __i386) || defined(_M_IX86)
  return 0;
#else
  choke
#endif
}


Performing C SOURCE FILE Test CHECK_CPU_ARCHITECTURE_ARM32 failed with the following output:
Change Dir: C:/Users/kamil/Desktop/tp_projekt_3/build/CMakeFiles/CMakeScratch/TryCompile-06t7ca

Run Build Command(s):C:/msys64/mingw64/bin/mingw32-make.exe -f Makefile cmTC_f27cc/fast && C:/msys64/mingw64/bin/mingw32-make.exe  -f CMakeFiles\cmTC_f27cc.dir\build.make CMakeFiles/cmTC_f27cc.dir/build
mingw32-make[1]: Entering directory 'C:/Users/kamil/Desktop/tp_projekt_3/build/CMakeFiles/CMakeScratch/TryCompile-06t7ca'
Building C object CMakeFiles/cmTC_f27cc.dir/src.c.obj
C:\msys64\mingw64\bin\gcc.exe -DCHECK_CPU_ARCHITECTURE_ARM32   -o CMakeFiles\cmTC_f27cc.dir\src.c.obj -c C:\Users\kamil\Desktop\tp_projekt_3\build\CMakeFiles\CMakeScratch\TryCompile-06t7ca\src.c
C:\Users\kamil\Desktop\tp_projekt_3\build\CMakeFiles\CMakeScratch\TryCompile-06t7ca\src.c: In function 'main':
C:\Users\kamil\Desktop\tp_projekt_3\build\CMakeFiles\CMakeScratch\TryCompile-06t7ca\src.c:6:3: error: 'choke' undeclared (first use in this function)
    6 |   choke
      |   ^~~~~
C:\Users\kamil\Desktop\tp_projekt_3\build\CMakeFiles\CMakeScratch\TryCompile-06t7ca\src.c:6:3: note: each undeclared identifier is reported only once for each function it appears in
C:\Users\kamil\Desktop\tp_projekt_3\build\CMakeFiles\CMakeScratch\TryCompile-06t7ca\src.c:6:8: error: expected ';' before '}' token
    6 |   choke
      |        ^
      |        ;
    7 | #endif
    8 | }
      | ~       
mingw32-make[1]: *** [CMakeFiles\cmTC_f27cc.dir\build.make:77: CMakeFiles/cmTC_f27cc.dir/src.c.obj] Error 1
mingw32-make[1]: Leaving directory 'C:/Users/kamil/Desktop/tp_projekt_3/build/CMakeFiles/CMakeScratch/TryCompile-06t7ca'
mingw32-make: *** [Makefile:126: cmTC_f27cc/fast] Error 2


Source file was:

int main(int argc, char *argv[]) {
#if defined(__arm__) || defined(_M_ARM)
  return 0;
#else
  choke
#endif
}


Performing C SOURCE FILE Test CHECK_CPU_ARCHITECTURE_ARM64 failed with the following output:
Change Dir: C:/Users/kamil/Desktop/tp_projekt_3/build/CMakeFiles/CMakeScratch/TryCompile-lv1m7d

Run Build Command(s):C:/msys64/mingw64/bin/mingw32-make.exe -f Makefile cmTC_5e09c/fast && C:/msys64/mingw64/bin/mingw32-make.exe  -f CMakeFiles\cmTC_5e09c.dir\build.make CMakeFiles/cmTC_5e09c.dir/build
mingw32-make[1]: Entering directory 'C:/Users/kamil/Desktop/tp_projekt_3/build/CMakeFiles/CMakeScratch/TryCompile-lv1m7d'
Building C object CMakeFiles/cmTC_5e09c.dir/src.c.obj
C:\msys64\mingw64\bin\gcc.exe -DCHECK_CPU_ARCHITECTURE_ARM64   -o CMakeFiles\cmTC_5e09c.dir\src.c.obj -c C:\Users\kamil\Desktop\tp_projekt_3\build\CMakeFiles\CMakeScratch\TryCompile-lv1m7d\src.c
C:\Users\kamil\Desktop\tp_projekt_3\build\CMakeFiles\CMakeScratch\TryCompile-lv1m7d\src.c: In function 'main':
C:\Users\kamil\Desktop\tp_projekt_3\build\CMakeFiles\CMakeScratch\TryCompile-lv1m7d\src.c:6:3: error: 'choke' undeclared (first use in this function)
    6 |   choke
      |   ^~~~~
C:\Users\kamil\Desktop\tp_projekt_3\build\CMakeFiles\CMakeScratch\TryCompile-lv1m7d\src.c:6:3: note: each undeclared identifier is reported only once for each function it appears in
C:\Users\kamil\Desktop\tp_projekt_3\build\CMakeFiles\CMakeScratch\TryCompile-lv1m7d\src.c:6:8: error: expected ';' before '}' token
    6 |   choke
      |        ^
      |        ;
    7 | #endif
    8 | }
      | ~       
mingw32-make[1]: *** [CMakeFiles\cmTC_5e09c.dir\build.make:77: CMakeFiles/cmTC_5e09c.dir/src.c.obj] Error 1
mingw32-make[1]: Leaving directory 'C:/Users/kamil/Desktop/tp_projekt_3/build/CMakeFiles/CMakeScratch/TryCompile-lv1m7d'
mingw32-make: *** [Makefile:126: cmTC_5e09c/fast] Error 2


Source file was:

int main(int argc, char *argv[]) {
#if defined(__aarch64__) || defined(_M_ARM64)
  return 0;
#else
  choke
#endif
}


Performing C SOURCE FILE Test CHECK_CPU_ARCHITECTURE_LOONGARCH64 failed with the following output:
Change Dir: C:/Users/kamil/Desktop/tp_projekt_3/build/CMakeFiles/CMakeScratch/TryCompile-p5o98z

Run Build Command(s):C:/msys64/mingw64/bin/mingw32-make.exe -f Makefile cmTC_a3ed5/fast && C:/msys64/mingw64/bin/mingw32-make.exe  -f CMakeFiles\cmTC_a3ed5.dir\build.make CMakeFiles/cmTC_a3ed5.dir/build
mingw32-make[1]: Entering directory 'C:/Users/kamil/Desktop/tp_projekt_3/build/CMakeFiles/CMakeScratch/TryCompile-p5o98z'
Building C object CMakeFiles/cmTC_a3ed5.dir/src.c.obj
C:\msys64\mingw64\bin\gcc.exe -DCHECK_CPU_ARCHITECTURE_LOONGARCH64   -o CMakeFiles\cmTC_a3ed5.dir\src.c.obj -c C:\Users\kamil\Desktop\tp_projekt_3\build\CMakeFiles\CMakeScratch\TryCompile-p5o98z\src.c
C:\Users\kamil\Desktop\tp_projekt_3\build\CMakeFiles\CMakeScratch\TryCompile-p5o98z\src.c: In function 'main':
C:\Users\kamil\Desktop\tp_projekt_3\build\CMakeFiles\CMakeScratch\TryCompile-p5o98z\src.c:6:3: error: 'choke' undeclared (first use in this function)
    6 |   choke
      |   ^~~~~
C:\Users\kamil\Desktop\tp_projekt_3\build\CMakeFiles\CMakeScratch\TryCompile-p5o98z\src.c:6:3: note: each undeclared identifier is reported only once for each function it appears in
C:\Users\kamil\Desktop\tp_projekt_3\build\CMakeFiles\CMakeScratch\TryCompile-p5o98z\src.c:6:8: error: expected ';' before '}' token
    6 |   choke
      |        ^
      |        ;
    7 | #endif
    8 | }
      | ~       
mingw32-make[1]: *** [CMakeFiles\cmTC_a3ed5.dir\build.make:77: CMakeFiles/cmTC_a3ed5.dir/src.c.obj] Error 1
mingw32-make[1]: Leaving directory 'C:/Users/kamil/Desktop/tp_projekt_3/build/CMakeFiles/CMakeScratch/TryCompile-p5o98z'
mingw32-make: *** [Makefile:126: cmTC_a3ed5/fast] Error 2


Source file was:

int main(int argc, char *argv[]) {
#if defined(__loongarch64)
  return 0;
#else
  choke
#endif
}


Performing C SOURCE FILE Test HAVE_GCC_PREFERRED_STACK_BOUNDARY failed with the following output:
Change Dir: C:/Users/kamil/Desktop/tp_projekt_3/build/CMakeFiles/CMakeScratch/TryCompile-ja9hp1

Run Build Command(s):C:/msys64/mingw64/bin/mingw32-make.exe -f Makefile cmTC_1878e/fast && C:/msys64/mingw64/bin/mingw32-make.exe  -f CMakeFiles\cmTC_1878e.dir\build.make CMakeFiles/cmTC_1878e.dir/build
mingw32-make[1]: Entering directory 'C:/Users/kamil/Desktop/tp_projekt_3/build/CMakeFiles/CMakeScratch/TryCompile-ja9hp1'
Building C object CMakeFiles/cmTC_1878e.dir/src.c.obj
C:\msys64\mingw64\bin\gcc.exe -DHAVE_GCC_PREFERRED_STACK_BOUNDARY  -idirafter "C:/Users/kamil/Desktop/tp_projekt_3/tp_projekt_3/SDL/src/video/khronos" -mpreferred-stack-boundary=2 -o CMakeFiles\cmTC_1878e.dir\src.c.obj -c C:\Users\kamil\Desktop\tp_projekt_3\build\CMakeFiles\CMakeScratch\TryCompile-ja9hp1\src.c
cc1.exe: error: '-mpreferred-stack-boundary=2' is not between 3 and 4
mingw32-make[1]: *** [CMakeFiles\cmTC_1878e.dir\build.make:77: CMakeFiles/cmTC_1878e.dir/src.c.obj] Error 1
mingw32-make[1]: Leaving directory 'C:/Users/kamil/Desktop/tp_projekt_3/build/CMakeFiles/CMakeScratch/TryCompile-ja9hp1'
mingw32-make: *** [Makefile:126: cmTC_1878e/fast] Error 2


Source file was:
int x = 0; int main(int argc, char **argv) { return 0; }

Performing C SOURCE FILE Test HAVE_ALTIVEC_H_HDR failed with the following output:
Change Dir: C:/Users/kamil/Desktop/tp_projekt_3/build/CMakeFiles/CMakeScratch/TryCompile-x1omrd

Run Build Command(s):C:/msys64/mingw64/bin/mingw32-make.exe -f Makefile cmTC_a2b6f/fast && C:/msys64/mingw64/bin/mingw32-make.exe  -f CMakeFiles\cmTC_a2b6f.dir\build.make CMakeFiles/cmTC_a2b6f.dir/build
mingw32-make[1]: Entering directory 'C:/Users/kamil/Desktop/tp_projekt_3/build/CMakeFiles/CMakeScratch/TryCompile-x1omrd'
Building C object CMakeFiles/cmTC_a2b6f.dir/src.c.obj
C:\msys64\mingw64\bin\gcc.exe -DHAVE_ALTIVEC_H_HDR  -idirafter "C:/Users/kamil/Desktop/tp_projekt_3/tp_projekt_3/SDL/src/video/khronos" -maltivec -o CMakeFiles\cmTC_a2b6f.dir\src.c.obj -c C:\Users\kamil\Desktop\tp_projekt_3\build\CMakeFiles\CMakeScratch\TryCompile-x1omrd\src.c
gcc.exe: error: unrecognized command-line option '-maltivec'
mingw32-make[1]: *** [CMakeFiles\cmTC_a2b6f.dir\build.make:77: CMakeFiles/cmTC_a2b6f.dir/src.c.obj] Error 1
mingw32-make[1]: Leaving directory 'C:/Users/kamil/Desktop/tp_projekt_3/build/CMakeFiles/CMakeScratch/TryCompile-x1omrd'
mingw32-make: *** [Makefile:126: cmTC_a2b6f/fast] Error 2


Source file was:

          #include <altivec.h>
          vector unsigned int vzero() {
              return vec_splat_u32(0);
          }
          int main(int argc, char **argv) { return 0; }

Performing C SOURCE FILE Test CPU_SUPPORTS_ALTIVEC failed with the following output:
Change Dir: C:/Users/kamil/Desktop/tp_projekt_3/build/CMakeFiles/CMakeScratch/TryCompile-mfuv73

Run Build Command(s):C:/msys64/mingw64/bin/mingw32-make.exe -f Makefile cmTC_f33c7/fast && C:/msys64/mingw64/bin/mingw32-make.exe  -f CMakeFiles\cmTC_f33c7.dir\build.make CMakeFiles/cmTC_f33c7.dir/build
mingw32-make[1]: Entering directory 'C:/Users/kamil/Desktop/tp_projekt_3/build/CMakeFiles/CMakeScratch/TryCompile-mfuv73'
Building C object CMakeFiles/cmTC_f33c7.dir/src.c.obj
C:\msys64\mingw64\bin\gcc.exe -DCPU_SUPPORTS_ALTIVEC  -idirafter "C:/Users/kamil/Desktop/tp_projekt_3/tp_projekt_3/SDL/src/video/khronos" -maltivec -o CMakeFiles\cmTC_f33c7.dir\src.c.obj -c C:\Users\kamil\Desktop\tp_projekt_3\build\CMakeFiles\CMakeScratch\TryCompile-mfuv73\src.c
gcc.exe: error: unrecognized command-line option '-maltivec'
mingw32-make[1]: *** [CMakeFiles\cmTC_f33c7.dir\build.make:77: CMakeFiles/cmTC_f33c7.dir/src.c.obj] Error 1
mingw32-make[1]: Leaving directory 'C:/Users/kamil/Desktop/tp_projekt_3/build/CMakeFiles/CMakeScratch/TryCompile-mfuv73'
mingw32-make: *** [Makefile:126: cmTC_f33c7/fast] Error 2


Source file was:

          vector unsigned int vzero() {
              return vec_splat_u32(0);
          }
          int main(int argc, char **argv) { return 0; }

Determining if the include file libunwind.h exists failed with the following output:
Change Dir: C:/Users/kamil/Desktop/tp_projekt_3/build/CMakeFiles/CMakeScratch/TryCompile-b1ehcz

Run Build Command(s):C:/msys64/mingw64/bin/mingw32-make.exe -f Makefile cmTC_8fda4/fast && C:/msys64/mingw64/bin/mingw32-make.exe  -f CMakeFiles\cmTC_8fda4.dir\build.make CMakeFiles/cmTC_8fda4.dir/build
mingw32-make[1]: Entering directory 'C:/Users/kamil/Desktop/tp_projekt_3/build/CMakeFiles/CMakeScratch/TryCompile-b1ehcz'
Building C object CMakeFiles/cmTC_8fda4.dir/CheckIncludeFile.c.obj
C:\msys64\mingw64\bin\gcc.exe   -idirafter "C:/Users/kamil/Desktop/tp_projekt_3/tp_projekt_3/SDL/src/video/khronos"  -D_GNU_SOURCE=1 -o CMakeFiles\cmTC_8fda4.dir\CheckIncludeFile.c.obj -c C:\Users\kamil\Desktop\tp_projekt_3\build\CMakeFiles\CMakeScratch\TryCompile-b1ehcz\CheckIncludeFile.c
C:\Users\kamil\Desktop\tp_projekt_3\build\CMakeFiles\CMakeScratch\TryCompile-b1ehcz\CheckIncludeFile.c:1:10: fatal error: libunwind.h: No such file or directory
    1 | #include <libunwind.h>
      |          ^~~~~~~~~~~~~
compilation terminated.
mingw32-make[1]: *** [CMakeFiles\cmTC_8fda4.dir\build.make:77: CMakeFiles/cmTC_8fda4.dir/CheckIncludeFile.c.obj] Error 1
mingw32-make[1]: Leaving directory 'C:/Users/kamil/Desktop/tp_projekt_3/build/CMakeFiles/CMakeScratch/TryCompile-b1ehcz'
mingw32-make: *** [Makefile:126: cmTC_8fda4/fast] Error 2



Determining if the include file linux/input.h exists failed with the following output:
Change Dir: C:/Users/kamil/Desktop/tp_projekt_3/build/CMakeFiles/CMakeScratch/TryCompile-2i7vz3

Run Build Command(s):C:/msys64/mingw64/bin/mingw32-make.exe -f Makefile cmTC_a4a37/fast && C:/msys64/mingw64/bin/mingw32-make.exe  -f CMakeFiles\cmTC_a4a37.dir\build.make CMakeFiles/cmTC_a4a37.dir/build
mingw32-make[1]: Entering directory 'C:/Users/kamil/Desktop/tp_projekt_3/build/CMakeFiles/CMakeScratch/TryCompile-2i7vz3'
Building C object CMakeFiles/cmTC_a4a37.dir/CheckIncludeFile.c.obj
C:\msys64\mingw64\bin\gcc.exe   -idirafter "C:/Users/kamil/Desktop/tp_projekt_3/tp_projekt_3/SDL/src/video/khronos"  -D_GNU_SOURCE=1 -o CMakeFiles\cmTC_a4a37.dir\CheckIncludeFile.c.obj -c C:\Users\kamil\Desktop\tp_projekt_3\build\CMakeFiles\CMakeScratch\TryCompile-2i7vz3\CheckIncludeFile.c
C:\Users\kamil\Desktop\tp_projekt_3\build\CMakeFiles\CMakeScratch\TryCompile-2i7vz3\CheckIncludeFile.c:1:10: fatal error: linux/input.h: No such file or directory
    1 | #include <linux/input.h>
      |          ^~~~~~~~~~~~~~~
compilation terminated.
mingw32-make[1]: *** [CMakeFiles\cmTC_a4a37.dir\build.make:77: CMakeFiles/cmTC_a4a37.dir/CheckIncludeFile.c.obj] Error 1
mingw32-make[1]: Leaving directory 'C:/Users/kamil/Desktop/tp_projekt_3/build/CMakeFiles/CMakeScratch/TryCompile-2i7vz3'
mingw32-make: *** [Makefile:126: cmTC_a4a37/fast] Error 2



Performing C SOURCE FILE Test HAVE_MPROTECT failed with the following output:
Change Dir: C:/Users/kamil/Desktop/tp_projekt_3/build/CMakeFiles/CMakeScratch/TryCompile-ckl8mb

Run Build Command(s):C:/msys64/mingw64/bin/mingw32-make.exe -f Makefile cmTC_5068d/fast && C:/msys64/mingw64/bin/mingw32-make.exe  -f CMakeFiles\cmTC_5068d.dir\build.make CMakeFiles/cmTC_5068d.dir/build
mingw32-make[1]: Entering directory 'C:/Users/kamil/Desktop/tp_projekt_3/build/CMakeFiles/CMakeScratch/TryCompile-ckl8mb'
Building C object CMakeFiles/cmTC_5068d.dir/src.c.obj
C:\msys64\mingw64\bin\gcc.exe -DHAVE_MPROTECT  -idirafter "C:/Users/kamil/Desktop/tp_projekt_3/tp_projekt_3/SDL/src/video/khronos"  -D_GNU_SOURCE=1 -o CMakeFiles\cmTC_5068d.dir\src.c.obj -c C:\Users\kamil\Desktop\tp_projekt_3\build\CMakeFiles\CMakeScratch\TryCompile-ckl8mb\src.c
C:\Users\kamil\Desktop\tp_projekt_3\build\CMakeFiles\CMakeScratch\TryCompile-ckl8mb\src.c:2:39: fatal error: sys/mman.h: No such file or directory
    2 |                              #include <sys/mman.h>
      |                                       ^~~~~~~~~~~~
compilation terminated.
mingw32-make[1]: *** [CMakeFiles\cmTC_5068d.dir\build.make:77: CMakeFiles/cmTC_5068d.dir/src.c.obj] Error 1
mingw32-make[1]: Leaving directory 'C:/Users/kamil/Desktop/tp_projekt_3/build/CMakeFiles/CMakeScratch/TryCompile-ckl8mb'
mingw32-make: *** [Makefile:126: cmTC_5068d/fast] Error 2


Source file was:
#include <sys/types.h>
                             #include <sys/mman.h>
                             int main(void) { return 0; }

Determining if the setenv exist failed with the following output:
Change Dir: C:/Users/kamil/Desktop/tp_projekt_3/build/CMakeFiles/CMakeScratch/TryCompile-8qdpvj

Run Build Command(s):C:/msys64/mingw64/bin/mingw32-make.exe -f Makefile cmTC_82a6e/fast && C:/msys64/mingw64/bin/mingw32-make.exe  -f CMakeFiles\cmTC_82a6e.dir\build.make CMakeFiles/cmTC_82a6e.dir/build
mingw32-make[1]: Entering directory 'C:/Users/kamil/Desktop/tp_projekt_3/build/CMakeFiles/CMakeScratch/TryCompile-8qdpvj'
Building C object CMakeFiles/cmTC_82a6e.dir/CheckSymbolExists.c.obj
C:\msys64\mingw64\bin\gcc.exe   -idirafter "C:/Users/kamil/Desktop/tp_projekt_3/tp_projekt_3/SDL/src/video/khronos"  -D_GNU_SOURCE=1 -o CMakeFiles\cmTC_82a6e.dir\CheckSymbolExists.c.obj -c C:\Users\kamil\Desktop\tp_projekt_3\build\CMakeFiles\CMakeScratch\TryCompile-8qdpvj\CheckSymbolExists.c
C:\Users\kamil\Desktop\tp_projekt_3\build\CMakeFiles\CMakeScratch\TryCompile-8qdpvj\CheckSymbolExists.c: In function 'main':
C:\Users\kamil\Desktop\tp_projekt_3\build\CMakeFiles\CMakeScratch\TryCompile-8qdpvj\CheckSymbolExists.c:14:19: error: 'setenv' undeclared (first use in this function); did you mean 'getenv'?
   14 |   return ((int*)(&setenv))[argc];
      |                   ^~~~~~
      |                   getenv
C:\Users\kamil\Desktop\tp_projekt_3\build\CMakeFiles\CMakeScratch\TryCompile-8qdpvj\CheckSymbolExists.c:14:19: note: each undeclared identifier is reported only once for each function it appears in
mingw32-make[1]: *** [CMakeFiles\cmTC_82a6e.dir\build.make:77: CMakeFiles/cmTC_82a6e.dir/CheckSymbolExists.c.obj] Error 1
mingw32-make[1]: Leaving directory 'C:/Users/kamil/Desktop/tp_projekt_3/build/CMakeFiles/CMakeScratch/TryCompile-8qdpvj'
mingw32-make: *** [Makefile:126: cmTC_82a6e/fast] Error 2


File CheckSymbolExists.c:
/* */
#include <stddef.h>
#include <stdarg.h>
#include <stdlib.h>
#include <string.h>
#include <stdio.h>
#include <wchar.h>
#include <float.h>

int main(int argc, char** argv)
{
  (void)argv;
#ifndef setenv
  return ((int*)(&setenv))[argc];
#else
  (void)argc;
  return 0;
#endif
}
Determining if the unsetenv exist failed with the following output:
Change Dir: C:/Users/kamil/Desktop/tp_projekt_3/build/CMakeFiles/CMakeScratch/TryCompile-v2tmk6

Run Build Command(s):C:/msys64/mingw64/bin/mingw32-make.exe -f Makefile cmTC_f1e01/fast && C:/msys64/mingw64/bin/mingw32-make.exe  -f CMakeFiles\cmTC_f1e01.dir\build.make CMakeFiles/cmTC_f1e01.dir/build
mingw32-make[1]: Entering directory 'C:/Users/kamil/Desktop/tp_projekt_3/build/CMakeFiles/CMakeScratch/TryCompile-v2tmk6'
Building C object CMakeFiles/cmTC_f1e01.dir/CheckSymbolExists.c.obj
C:\msys64\mingw64\bin\gcc.exe   -idirafter "C:/Users/kamil/Desktop/tp_projekt_3/tp_projekt_3/SDL/src/video/khronos"  -D_GNU_SOURCE=1 -o CMakeFiles\cmTC_f1e01.dir\CheckSymbolExists.c.obj -c C:\Users\kamil\Desktop\tp_projekt_3\build\CMakeFiles\CMakeScratch\TryCompile-v2tmk6\CheckSymbolExists.c
C:\Users\kamil\Desktop\tp_projekt_3\build\CMakeFiles\CMakeScratch\TryCompile-v2tmk6\CheckSymbolExists.c: In function 'main':
C:\Users\kamil\Desktop\tp_projekt_3\build\CMakeFiles\CMakeScratch\TryCompile-v2tmk6\CheckSymbolExists.c:14:19: error: 'unsetenv' undeclared (first use in this function)
   14 |   return ((int*)(&unsetenv))[argc];
      |                   ^~~~~~~~
C:\Users\kamil\Desktop\tp_projekt_3\build\CMakeFiles\CMakeScratch\TryCompile-v2tmk6\CheckSymbolExists.c:14:19: note: each undeclared identifier is reported only once for each function it appears in
mingw32-make[1]: *** [CMakeFiles\cmTC_f1e01.dir\build.make:77: CMakeFiles/cmTC_f1e01.dir/CheckSymbolExists.c.obj] Error 1
mingw32-make[1]: Leaving directory 'C:/Users/kamil/Desktop/tp_projekt_3/build/CMakeFiles/CMakeScratch/TryCompile-v2tmk6'
mingw32-make: *** [Makefile:126: cmTC_f1e01/fast] Error 2


File CheckSymbolExists.c:
/* */
#include <stddef.h>
#include <stdarg.h>
#include <stdlib.h>
#include <string.h>
#include <stdio.h>
#include <wchar.h>
#include <float.h>

int main(int argc, char** argv)
{
  (void)argv;
#ifndef unsetenv
  return ((int*)(&unsetenv))[argc];
#else
  (void)argc;
  return 0;
#endif
}
Determining if the bcopy exist failed with the following output:
Change Dir: C:/Users/kamil/Desktop/tp_projekt_3/build/CMakeFiles/CMakeScratch/TryCompile-0t7fq3

Run Build Command(s):C:/msys64/mingw64/bin/mingw32-make.exe -f Makefile cmTC_bd8e1/fast && C:/msys64/mingw64/bin/mingw32-make.exe  -f CMakeFiles\cmTC_bd8e1.dir\build.make CMakeFiles/cmTC_bd8e1.dir/build
mingw32-make[1]: Entering directory 'C:/Users/kamil/Desktop/tp_projekt_3/build/CMakeFiles/CMakeScratch/TryCompile-0t7fq3'
Building C object CMakeFiles/cmTC_bd8e1.dir/CheckSymbolExists.c.obj
C:\msys64\mingw64\bin\gcc.exe   -idirafter "C:/Users/kamil/Desktop/tp_projekt_3/tp_projekt_3/SDL/src/video/khronos"  -D_GNU_SOURCE=1 -o CMakeFiles\cmTC_bd8e1.dir\CheckSymbolExists.c.obj -c C:\Users\kamil\Desktop\tp_projekt_3\build\CMakeFiles\CMakeScratch\TryCompile-0t7fq3\CheckSymbolExists.c
C:\Users\kamil\Desktop\tp_projekt_3\build\CMakeFiles\CMakeScratch\TryCompile-0t7fq3\CheckSymbolExists.c: In function 'main':
C:\Users\kamil\Desktop\tp_projekt_3\build\CMakeFiles\CMakeScratch\TryCompile-0t7fq3\CheckSymbolExists.c:14:19: error: 'bcopy' undeclared (first use in this function)
   14 |   return ((int*)(&bcopy))[argc];
      |                   ^~~~~
C:\Users\kamil\Desktop\tp_projekt_3\build\CMakeFiles\CMakeScratch\TryCompile-0t7fq3\CheckSymbolExists.c:14:19: note: each undeclared identifier is reported only once for each function it appears in
mingw32-make[1]: *** [CMakeFiles\cmTC_bd8e1.dir\build.make:77: CMakeFiles/cmTC_bd8e1.dir/CheckSymbolExists.c.obj] Error 1
mingw32-make[1]: Leaving directory 'C:/Users/kamil/Desktop/tp_projekt_3/build/CMakeFiles/CMakeScratch/TryCompile-0t7fq3'
mingw32-make: *** [Makefile:126: cmTC_bd8e1/fast] Error 2


File CheckSymbolExists.c:
/* */
#include <stddef.h>
#include <stdarg.h>
#include <stdlib.h>
#include <string.h>
#include <stdio.h>
#include <wchar.h>
#include <float.h>

int main(int argc, char** argv)
{
  (void)argv;
#ifndef bcopy
  return ((int*)(&bcopy))[argc];
#else
  (void)argc;
  return 0;
#endif
}
Determining if the strlcpy exist failed with the following output:
Change Dir: C:/Users/kamil/Desktop/tp_projekt_3/build/CMakeFiles/CMakeScratch/TryCompile-byk2er

Run Build Command(s):C:/msys64/mingw64/bin/mingw32-make.exe -f Makefile cmTC_a44d0/fast && C:/msys64/mingw64/bin/mingw32-make.exe  -f CMakeFiles\cmTC_a44d0.dir\build.make CMakeFiles/cmTC_a44d0.dir/build
mingw32-make[1]: Entering directory 'C:/Users/kamil/Desktop/tp_projekt_3/build/CMakeFiles/CMakeScratch/TryCompile-byk2er'
Building C object CMakeFiles/cmTC_a44d0.dir/CheckSymbolExists.c.obj
C:\msys64\mingw64\bin\gcc.exe   -idirafter "C:/Users/kamil/Desktop/tp_projekt_3/tp_projekt_3/SDL/src/video/khronos"  -D_GNU_SOURCE=1 -o CMakeFiles\cmTC_a44d0.dir\CheckSymbolExists.c.obj -c C:\Users\kamil\Desktop\tp_projekt_3\build\CMakeFiles\CMakeScratch\TryCompile-byk2er\CheckSymbolExists.c
C:\Users\kamil\Desktop\tp_projekt_3\build\CMakeFiles\CMakeScratch\TryCompile-byk2er\CheckSymbolExists.c: In function 'main':
C:\Users\kamil\Desktop\tp_projekt_3\build\CMakeFiles\CMakeScratch\TryCompile-byk2er\CheckSymbolExists.c:14:19: error: 'strlcpy' undeclared (first use in this function); did you mean 'strncpy'?
   14 |   return ((int*)(&strlcpy))[argc];
      |                   ^~~~~~~
      |                   strncpy
C:\Users\kamil\Desktop\tp_projekt_3\build\CMakeFiles\CMakeScratch\TryCompile-byk2er\CheckSymbolExists.c:14:19: note: each undeclared identifier is reported only once for each function it appears in
mingw32-make[1]: *** [CMakeFiles\cmTC_a44d0.dir\build.make:77: CMakeFiles/cmTC_a44d0.dir/CheckSymbolExists.c.obj] Error 1
mingw32-make[1]: Leaving directory 'C:/Users/kamil/Desktop/tp_projekt_3/build/CMakeFiles/CMakeScratch/TryCompile-byk2er'
mingw32-make: *** [Makefile:126: cmTC_a44d0/fast] Error 2


File CheckSymbolExists.c:
/* */
#include <stddef.h>
#include <stdarg.h>
#include <stdlib.h>
#include <string.h>
#include <stdio.h>
#include <wchar.h>
#include <float.h>

int main(int argc, char** argv)
{
  (void)argv;
#ifndef strlcpy
  return ((int*)(&strlcpy))[argc];
#else
  (void)argc;
  return 0;
#endif
}
Determining if the strlcat exist failed with the following output:
Change Dir: C:/Users/kamil/Desktop/tp_projekt_3/build/CMakeFiles/CMakeScratch/TryCompile-m5k5gz

Run Build Command(s):C:/msys64/mingw64/bin/mingw32-make.exe -f Makefile cmTC_f545a/fast && C:/msys64/mingw64/bin/mingw32-make.exe  -f CMakeFiles\cmTC_f545a.dir\build.make CMakeFiles/cmTC_f545a.dir/build
mingw32-make[1]: Entering directory 'C:/Users/kamil/Desktop/tp_projekt_3/build/CMakeFiles/CMakeScratch/TryCompile-m5k5gz'
Building C object CMakeFiles/cmTC_f545a.dir/CheckSymbolExists.c.obj
C:\msys64\mingw64\bin\gcc.exe   -idirafter "C:/Users/kamil/Desktop/tp_projekt_3/tp_projekt_3/SDL/src/video/khronos"  -D_GNU_SOURCE=1 -o CMakeFiles\cmTC_f545a.dir\CheckSymbolExists.c.obj -c C:\Users\kamil\Desktop\tp_projekt_3\build\CMakeFiles\CMakeScratch\TryCompile-m5k5gz\CheckSymbolExists.c
C:\Users\kamil\Desktop\tp_projekt_3\build\CMakeFiles\CMakeScratch\TryCompile-m5k5gz\CheckSymbolExists.c: In function 'main':
C:\Users\kamil\Desktop\tp_projekt_3\build\CMakeFiles\CMakeScratch\TryCompile-m5k5gz\CheckSymbolExists.c:14:19: error: 'strlcat' undeclared (first use in this function); did you mean 'strncat'?
   14 |   return ((int*)(&strlcat))[argc];
      |                   ^~~~~~~
      |                   strncat
C:\Users\kamil\Desktop\tp_projekt_3\build\CMakeFiles\CMakeScratch\TryCompile-m5k5gz\CheckSymbolExists.c:14:19: note: each undeclared identifier is reported only once for each function it appears in
mingw32-make[1]: *** [CMakeFiles\cmTC_f545a.dir\build.make:77: CMakeFiles/cmTC_f545a.dir/CheckSymbolExists.c.obj] Error 1
mingw32-make[1]: Leaving directory 'C:/Users/kamil/Desktop/tp_projekt_3/build/CMakeFiles/CMakeScratch/TryCompile-m5k5gz'
mingw32-make: *** [Makefile:126: cmTC_f545a/fast] Error 2


File CheckSymbolExists.c:
/* */
#include <stddef.h>
#include <stdarg.h>
#include <stdlib.h>
#include <string.h>
#include <stdio.h>
#include <wchar.h>
#include <float.h>

int main(int argc, char** argv)
{
  (void)argv;
#ifndef strlcat
  return ((int*)(&strlcat))[argc];
#else
  (void)argc;
  return 0;
#endif
}
Determining if the index exist failed with the following output:
Change Dir: C:/Users/kamil/Desktop/tp_projekt_3/build/CMakeFiles/CMakeScratch/TryCompile-i8f3z6

Run Build Command(s):C:/msys64/mingw64/bin/mingw32-make.exe -f Makefile cmTC_36ba5/fast && C:/msys64/mingw64/bin/mingw32-make.exe  -f CMakeFiles\cmTC_36ba5.dir\build.make CMakeFiles/cmTC_36ba5.dir/build
mingw32-make[1]: Entering directory 'C:/Users/kamil/Desktop/tp_projekt_3/build/CMakeFiles/CMakeScratch/TryCompile-i8f3z6'
Building C object CMakeFiles/cmTC_36ba5.dir/CheckSymbolExists.c.obj
C:\msys64\mingw64\bin\gcc.exe   -idirafter "C:/Users/kamil/Desktop/tp_projekt_3/tp_projekt_3/SDL/src/video/khronos"  -D_GNU_SOURCE=1 -o CMakeFiles\cmTC_36ba5.dir\CheckSymbolExists.c.obj -c C:\Users\kamil\Desktop\tp_projekt_3\build\CMakeFiles\CMakeScratch\TryCompile-i8f3z6\CheckSymbolExists.c
C:\Users\kamil\Desktop\tp_projekt_3\build\CMakeFiles\CMakeScratch\TryCompile-i8f3z6\CheckSymbolExists.c: In function 'main':
C:\Users\kamil\Desktop\tp_projekt_3\build\CMakeFiles\CMakeScratch\TryCompile-i8f3z6\CheckSymbolExists.c:14:19: error: 'index' undeclared (first use in this function)
   14 |   return ((int*)(&index))[argc];
      |                   ^~~~~
C:\Users\kamil\Desktop\tp_projekt_3\build\CMakeFiles\CMakeScratch\TryCompile-i8f3z6\CheckSymbolExists.c:14:19: note: each undeclared identifier is reported only once for each function it appears in
mingw32-make[1]: *** [CMakeFiles\cmTC_36ba5.dir\build.make:77: CMakeFiles/cmTC_36ba5.dir/CheckSymbolExists.c.obj] Error 1
mingw32-make[1]: Leaving directory 'C:/Users/kamil/Desktop/tp_projekt_3/build/CMakeFiles/CMakeScratch/TryCompile-i8f3z6'
mingw32-make: *** [Makefile:126: cmTC_36ba5/fast] Error 2


File CheckSymbolExists.c:
/* */
#include <stddef.h>
#include <stdarg.h>
#include <stdlib.h>
#include <string.h>
#include <stdio.h>
#include <wchar.h>
#include <float.h>

int main(int argc, char** argv)
{
  (void)argv;
#ifndef index
  return ((int*)(&index))[argc];
#else
  (void)argc;
  return 0;
#endif
}
Determining if the rindex exist failed with the following output:
Change Dir: C:/Users/kamil/Desktop/tp_projekt_3/build/CMakeFiles/CMakeScratch/TryCompile-zm3l0e

Run Build Command(s):C:/msys64/mingw64/bin/mingw32-make.exe -f Makefile cmTC_32e93/fast && C:/msys64/mingw64/bin/mingw32-make.exe  -f CMakeFiles\cmTC_32e93.dir\build.make CMakeFiles/cmTC_32e93.dir/build
mingw32-make[1]: Entering directory 'C:/Users/kamil/Desktop/tp_projekt_3/build/CMakeFiles/CMakeScratch/TryCompile-zm3l0e'
Building C object CMakeFiles/cmTC_32e93.dir/CheckSymbolExists.c.obj
C:\msys64\mingw64\bin\gcc.exe   -idirafter "C:/Users/kamil/Desktop/tp_projekt_3/tp_projekt_3/SDL/src/video/khronos"  -D_GNU_SOURCE=1 -o CMakeFiles\cmTC_32e93.dir\CheckSymbolExists.c.obj -c C:\Users\kamil\Desktop\tp_projekt_3\build\CMakeFiles\CMakeScratch\TryCompile-zm3l0e\CheckSymbolExists.c
C:\Users\kamil\Desktop\tp_projekt_3\build\CMakeFiles\CMakeScratch\TryCompile-zm3l0e\CheckSymbolExists.c: In function 'main':
C:\Users\kamil\Desktop\tp_projekt_3\build\CMakeFiles\CMakeScratch\TryCompile-zm3l0e\CheckSymbolExists.c:14:19: error: 'rindex' undeclared (first use in this function)
   14 |   return ((int*)(&rindex))[argc];
      |                   ^~~~~~
C:\Users\kamil\Desktop\tp_projekt_3\build\CMakeFiles\CMakeScratch\TryCompile-zm3l0e\CheckSymbolExists.c:14:19: note: each undeclared identifier is reported only once for each function it appears in
mingw32-make[1]: *** [CMakeFiles\cmTC_32e93.dir\build.make:77: CMakeFiles/cmTC_32e93.dir/CheckSymbolExists.c.obj] Error 1
mingw32-make[1]: Leaving directory 'C:/Users/kamil/Desktop/tp_projekt_3/build/CMakeFiles/CMakeScratch/TryCompile-zm3l0e'
mingw32-make: *** [Makefile:126: cmTC_32e93/fast] Error 2


File CheckSymbolExists.c:
/* */
#include <stddef.h>
#include <stdarg.h>
#include <stdlib.h>
#include <string.h>
#include <stdio.h>
#include <wchar.h>
#include <float.h>

int main(int argc, char** argv)
{
  (void)argv;
#ifndef rindex
  return ((int*)(&rindex))[argc];
#else
  (void)argc;
  return 0;
#endif
}
Determining if the _uitoa exist failed with the following output:
Change Dir: C:/Users/kamil/Desktop/tp_projekt_3/build/CMakeFiles/CMakeScratch/TryCompile-ril6nq

Run Build Command(s):C:/msys64/mingw64/bin/mingw32-make.exe -f Makefile cmTC_27ffa/fast && C:/msys64/mingw64/bin/mingw32-make.exe  -f CMakeFiles\cmTC_27ffa.dir\build.make CMakeFiles/cmTC_27ffa.dir/build
mingw32-make[1]: Entering directory 'C:/Users/kamil/Desktop/tp_projekt_3/build/CMakeFiles/CMakeScratch/TryCompile-ril6nq'
Building C object CMakeFiles/cmTC_27ffa.dir/CheckSymbolExists.c.obj
C:\msys64\mingw64\bin\gcc.exe   -idirafter "C:/Users/kamil/Desktop/tp_projekt_3/tp_projekt_3/SDL/src/video/khronos"  -D_GNU_SOURCE=1 -o CMakeFiles\cmTC_27ffa.dir\CheckSymbolExists.c.obj -c C:\Users\kamil\Desktop\tp_projekt_3\build\CMakeFiles\CMakeScratch\TryCompile-ril6nq\CheckSymbolExists.c
C:\Users\kamil\Desktop\tp_projekt_3\build\CMakeFiles\CMakeScratch\TryCompile-ril6nq\CheckSymbolExists.c: In function 'main':
C:\Users\kamil\Desktop\tp_projekt_3\build\CMakeFiles\CMakeScratch\TryCompile-ril6nq\CheckSymbolExists.c:14:19: error: '_uitoa' undeclared (first use in this function); did you mean '_ultoa'?
   14 |   return ((int*)(&_uitoa))[argc];
      |                   ^~~~~~
      |                   _ultoa
C:\Users\kamil\Desktop\tp_projekt_3\build\CMakeFiles\CMakeScratch\TryCompile-ril6nq\CheckSymbolExists.c:14:19: note: each undeclared identifier is reported only once for each function it appears in
mingw32-make[1]: *** [CMakeFiles\cmTC_27ffa.dir\build.make:77: CMakeFiles/cmTC_27ffa.dir/CheckSymbolExists.c.obj] Error 1
mingw32-make[1]: Leaving directory 'C:/Users/kamil/Desktop/tp_projekt_3/build/CMakeFiles/CMakeScratch/TryCompile-ril6nq'
mingw32-make: *** [Makefile:126: cmTC_27ffa/fast] Error 2


File CheckSymbolExists.c:
/* */
#include <stddef.h>
#include <stdarg.h>
#include <stdlib.h>
#include <string.h>
#include <stdio.h>
#include <wchar.h>
#include <float.h>

int main(int argc, char** argv)
{
  (void)argv;
#ifndef _uitoa
  return ((int*)(&_uitoa))[argc];
#else
  (void)argc;
  return 0;
#endif
}
Determining if the strcasestr exist failed with the following output:
Change Dir: C:/Users/kamil/Desktop/tp_projekt_3/build/CMakeFiles/CMakeScratch/TryCompile-c6qdb5

Run Build Command(s):C:/msys64/mingw64/bin/mingw32-make.exe -f Makefile cmTC_4f2d4/fast && C:/msys64/mingw64/bin/mingw32-make.exe  -f CMakeFiles\cmTC_4f2d4.dir\build.make CMakeFiles/cmTC_4f2d4.dir/build
mingw32-make[1]: Entering directory 'C:/Users/kamil/Desktop/tp_projekt_3/build/CMakeFiles/CMakeScratch/TryCompile-c6qdb5'
Building C object CMakeFiles/cmTC_4f2d4.dir/CheckSymbolExists.c.obj
C:\msys64\mingw64\bin\gcc.exe   -idirafter "C:/Users/kamil/Desktop/tp_projekt_3/tp_projekt_3/SDL/src/video/khronos"  -D_GNU_SOURCE=1 -o CMakeFiles\cmTC_4f2d4.dir\CheckSymbolExists.c.obj -c C:\Users\kamil\Desktop\tp_projekt_3\build\CMakeFiles\CMakeScratch\TryCompile-c6qdb5\CheckSymbolExists.c
C:\Users\kamil\Desktop\tp_projekt_3\build\CMakeFiles\CMakeScratch\TryCompile-c6qdb5\CheckSymbolExists.c: In function 'main':
C:\Users\kamil\Desktop\tp_projekt_3\build\CMakeFiles\CMakeScratch\TryCompile-c6qdb5\CheckSymbolExists.c:14:19: error: 'strcasestr' undeclared (first use in this function); did you mean 'strcasecmp'?
   14 |   return ((int*)(&strcasestr))[argc];
      |                   ^~~~~~~~~~
      |                   strcasecmp
C:\Users\kamil\Desktop\tp_projekt_3\build\CMakeFiles\CMakeScratch\TryCompile-c6qdb5\CheckSymbolExists.c:14:19: note: each undeclared identifier is reported only once for each function it appears in
mingw32-make[1]: *** [CMakeFiles\cmTC_4f2d4.dir\build.make:77: CMakeFiles/cmTC_4f2d4.dir/CheckSymbolExists.c.obj] Error 1
mingw32-make[1]: Leaving directory 'C:/Users/kamil/Desktop/tp_projekt_3/build/CMakeFiles/CMakeScratch/TryCompile-c6qdb5'
mingw32-make: *** [Makefile:126: cmTC_4f2d4/fast] Error 2


File CheckSymbolExists.c:
/* */
#include <stddef.h>
#include <stdarg.h>
#include <stdlib.h>
#include <string.h>
#include <stdio.h>
#include <wchar.h>
#include <float.h>

int main(int argc, char** argv)
{
  (void)argv;
#ifndef strcasestr
  return ((int*)(&strcasestr))[argc];
#else
  (void)argc;
  return 0;
#endif
}
Determining if the wcslcat exist failed with the following output:
Change Dir: C:/Users/kamil/Desktop/tp_projekt_3/build/CMakeFiles/CMakeScratch/TryCompile-hsegi8

Run Build Command(s):C:/msys64/mingw64/bin/mingw32-make.exe -f Makefile cmTC_c6cb3/fast && C:/msys64/mingw64/bin/mingw32-make.exe  -f CMakeFiles\cmTC_c6cb3.dir\build.make CMakeFiles/cmTC_c6cb3.dir/build
mingw32-make[1]: Entering directory 'C:/Users/kamil/Desktop/tp_projekt_3/build/CMakeFiles/CMakeScratch/TryCompile-hsegi8'
Building C object CMakeFiles/cmTC_c6cb3.dir/CheckSymbolExists.c.obj
C:\msys64\mingw64\bin\gcc.exe   -idirafter "C:/Users/kamil/Desktop/tp_projekt_3/tp_projekt_3/SDL/src/video/khronos"  -D_GNU_SOURCE=1 -o CMakeFiles\cmTC_c6cb3.dir\CheckSymbolExists.c.obj -c C:\Users\kamil\Desktop\tp_projekt_3\build\CMakeFiles\CMakeScratch\TryCompile-hsegi8\CheckSymbolExists.c
C:\Users\kamil\Desktop\tp_projekt_3\build\CMakeFiles\CMakeScratch\TryCompile-hsegi8\CheckSymbolExists.c: In function 'main':
C:\Users\kamil\Desktop\tp_projekt_3\build\CMakeFiles\CMakeScratch\TryCompile-hsegi8\CheckSymbolExists.c:14:19: error: 'wcslcat' undeclared (first use in this function); did you mean 'wcsncat'?
   14 |   return ((int*)(&wcslcat))[argc];
      |                   ^~~~~~~
      |                   wcsncat
C:\Users\kamil\Desktop\tp_projekt_3\build\CMakeFiles\CMakeScratch\TryCompile-hsegi8\CheckSymbolExists.c:14:19: note: each undeclared identifier is reported only once for each function it appears in
mingw32-make[1]: *** [CMakeFiles\cmTC_c6cb3.dir\build.make:77: CMakeFiles/cmTC_c6cb3.dir/CheckSymbolExists.c.obj] Error 1
mingw32-make[1]: Leaving directory 'C:/Users/kamil/Desktop/tp_projekt_3/build/CMakeFiles/CMakeScratch/TryCompile-hsegi8'
mingw32-make: *** [Makefile:126: cmTC_c6cb3/fast] Error 2


File CheckSymbolExists.c:
/* */
#include <stddef.h>
#include <stdarg.h>
#include <stdlib.h>
#include <string.h>
#include <stdio.h>
#include <wchar.h>
#include <float.h>

int main(int argc, char** argv)
{
  (void)argv;
#ifndef wcslcat
  return ((int*)(&wcslcat))[argc];
#else
  (void)argc;
  return 0;
#endif
}
Determining if the wcslcpy exist failed with the following output:
Change Dir: C:/Users/kamil/Desktop/tp_projekt_3/build/CMakeFiles/CMakeScratch/TryCompile-8fe5ee

Run Build Command(s):C:/msys64/mingw64/bin/mingw32-make.exe -f Makefile cmTC_617e1/fast && C:/msys64/mingw64/bin/mingw32-make.exe  -f CMakeFiles\cmTC_617e1.dir\build.make CMakeFiles/cmTC_617e1.dir/build
mingw32-make[1]: Entering directory 'C:/Users/kamil/Desktop/tp_projekt_3/build/CMakeFiles/CMakeScratch/TryCompile-8fe5ee'
Building C object CMakeFiles/cmTC_617e1.dir/CheckSymbolExists.c.obj
C:\msys64\mingw64\bin\gcc.exe   -idirafter "C:/Users/kamil/Desktop/tp_projekt_3/tp_projekt_3/SDL/src/video/khronos"  -D_GNU_SOURCE=1 -o CMakeFiles\cmTC_617e1.dir\CheckSymbolExists.c.obj -c C:\Users\kamil\Desktop\tp_projekt_3\build\CMakeFiles\CMakeScratch\TryCompile-8fe5ee\CheckSymbolExists.c
C:\Users\kamil\Desktop\tp_projekt_3\build\CMakeFiles\CMakeScratch\TryCompile-8fe5ee\CheckSymbolExists.c: In function 'main':
C:\Users\kamil\Desktop\tp_projekt_3\build\CMakeFiles\CMakeScratch\TryCompile-8fe5ee\CheckSymbolExists.c:14:19: error: 'wcslcpy' undeclared (first use in this function); did you mean 'wcsncpy'?
   14 |   return ((int*)(&wcslcpy))[argc];
      |                   ^~~~~~~
      |                   wcsncpy
C:\Users\kamil\Desktop\tp_projekt_3\build\CMakeFiles\CMakeScratch\TryCompile-8fe5ee\CheckSymbolExists.c:14:19: note: each undeclared identifier is reported only once for each function it appears in
mingw32-make[1]: *** [CMakeFiles\cmTC_617e1.dir\build.make:77: CMakeFiles/cmTC_617e1.dir/CheckSymbolExists.c.obj] Error 1
mingw32-make[1]: Leaving directory 'C:/Users/kamil/Desktop/tp_projekt_3/build/CMakeFiles/CMakeScratch/TryCompile-8fe5ee'
mingw32-make: *** [Makefile:126: cmTC_617e1/fast] Error 2


File CheckSymbolExists.c:
/* */
#include <stddef.h>
#include <stdarg.h>
#include <stdlib.h>
#include <string.h>
#include <stdio.h>
#include <wchar.h>
#include <float.h>

int main(int argc, char** argv)
{
  (void)argv;
#ifndef wcslcpy
  return ((int*)(&wcslcpy))[argc];
#else
  (void)argc;
  return 0;
#endif
}
Determining if the wcscasecmp exist failed with the following output:
Change Dir: C:/Users/kamil/Desktop/tp_projekt_3/build/CMakeFiles/CMakeScratch/TryCompile-4385zu

Run Build Command(s):C:/msys64/mingw64/bin/mingw32-make.exe -f Makefile cmTC_9bc16/fast && C:/msys64/mingw64/bin/mingw32-make.exe  -f CMakeFiles\cmTC_9bc16.dir\build.make CMakeFiles/cmTC_9bc16.dir/build
mingw32-make[1]: Entering directory 'C:/Users/kamil/Desktop/tp_projekt_3/build/CMakeFiles/CMakeScratch/TryCompile-4385zu'
Building C object CMakeFiles/cmTC_9bc16.dir/CheckSymbolExists.c.obj
C:\msys64\mingw64\bin\gcc.exe   -idirafter "C:/Users/kamil/Desktop/tp_projekt_3/tp_projekt_3/SDL/src/video/khronos"  -D_GNU_SOURCE=1 -o CMakeFiles\cmTC_9bc16.dir\CheckSymbolExists.c.obj -c C:\Users\kamil\Desktop\tp_projekt_3\build\CMakeFiles\CMakeScratch\TryCompile-4385zu\CheckSymbolExists.c
C:\Users\kamil\Desktop\tp_projekt_3\build\CMakeFiles\CMakeScratch\TryCompile-4385zu\CheckSymbolExists.c: In function 'main':
C:\Users\kamil\Desktop\tp_projekt_3\build\CMakeFiles\CMakeScratch\TryCompile-4385zu\CheckSymbolExists.c:14:19: error: 'wcscasecmp' undeclared (first use in this function); did you mean 'strcasecmp'?
   14 |   return ((int*)(&wcscasecmp))[argc];
      |                   ^~~~~~~~~~
      |                   strcasecmp
C:\Users\kamil\Desktop\tp_projekt_3\build\CMakeFiles\CMakeScratch\TryCompile-4385zu\CheckSymbolExists.c:14:19: note: each undeclared identifier is reported only once for each function it appears in
mingw32-make[1]: *** [CMakeFiles\cmTC_9bc16.dir\build.make:77: CMakeFiles/cmTC_9bc16.dir/CheckSymbolExists.c.obj] Error 1
mingw32-make[1]: Leaving directory 'C:/Users/kamil/Desktop/tp_projekt_3/build/CMakeFiles/CMakeScratch/TryCompile-4385zu'
mingw32-make: *** [Makefile:126: cmTC_9bc16/fast] Error 2


File CheckSymbolExists.c:
/* */
#include <stddef.h>
#include <stdarg.h>
#include <stdlib.h>
#include <string.h>
#include <stdio.h>
#include <wchar.h>
#include <float.h>

int main(int argc, char** argv)
{
  (void)argv;
#ifndef wcscasecmp
  return ((int*)(&wcscasecmp))[argc];
#else
  (void)argc;
  return 0;
#endif
}
Determining if the wcsncasecmp exist failed with the following output:
Change Dir: C:/Users/kamil/Desktop/tp_projekt_3/build/CMakeFiles/CMakeScratch/TryCompile-xd6gbp

Run Build Command(s):C:/msys64/mingw64/bin/mingw32-make.exe -f Makefile cmTC_0a551/fast && C:/msys64/mingw64/bin/mingw32-make.exe  -f CMakeFiles\cmTC_0a551.dir\build.make CMakeFiles/cmTC_0a551.dir/build
mingw32-make[1]: Entering directory 'C:/Users/kamil/Desktop/tp_projekt_3/build/CMakeFiles/CMakeScratch/TryCompile-xd6gbp'
Building C object CMakeFiles/cmTC_0a551.dir/CheckSymbolExists.c.obj
C:\msys64\mingw64\bin\gcc.exe   -idirafter "C:/Users/kamil/Desktop/tp_projekt_3/tp_projekt_3/SDL/src/video/khronos"  -D_GNU_SOURCE=1 -o CMakeFiles\cmTC_0a551.dir\CheckSymbolExists.c.obj -c C:\Users\kamil\Desktop\tp_projekt_3\build\CMakeFiles\CMakeScratch\TryCompile-xd6gbp\CheckSymbolExists.c
C:\Users\kamil\Desktop\tp_projekt_3\build\CMakeFiles\CMakeScratch\TryCompile-xd6gbp\CheckSymbolExists.c: In function 'main':
C:\Users\kamil\Desktop\tp_projekt_3\build\CMakeFiles\CMakeScratch\TryCompile-xd6gbp\CheckSymbolExists.c:14:19: error: 'wcsncasecmp' undeclared (first use in this function); did you mean 'strncasecmp'?
   14 |   return ((int*)(&wcsncasecmp))[argc];
      |                   ^~~~~~~~~~~
      |                   strncasecmp
C:\Users\kamil\Desktop\tp_projekt_3\build\CMakeFiles\CMakeScratch\TryCompile-xd6gbp\CheckSymbolExists.c:14:19: note: each undeclared identifier is reported only once for each function it appears in
mingw32-make[1]: *** [CMakeFiles\cmTC_0a551.dir\build.make:77: CMakeFiles/cmTC_0a551.dir/CheckSymbolExists.c.obj] Error 1
mingw32-make[1]: Leaving directory 'C:/Users/kamil/Desktop/tp_projekt_3/build/CMakeFiles/CMakeScratch/TryCompile-xd6gbp'
mingw32-make: *** [Makefile:126: cmTC_0a551/fast] Error 2


File CheckSymbolExists.c:
/* */
#include <stddef.h>
#include <stdarg.h>
#include <stdlib.h>
#include <string.h>
#include <stdio.h>
#include <wchar.h>
#include <float.h>

int main(int argc, char** argv)
{
  (void)argv;
#ifndef wcsncasecmp
  return ((int*)(&wcsncasecmp))[argc];
#else
  (void)argc;
  return 0;
#endif
}
Determining if the sigaction exist failed with the following output:
Change Dir: C:/Users/kamil/Desktop/tp_projekt_3/build/CMakeFiles/CMakeScratch/TryCompile-rba27z

Run Build Command(s):C:/msys64/mingw64/bin/mingw32-make.exe -f Makefile cmTC_47a02/fast && C:/msys64/mingw64/bin/mingw32-make.exe  -f CMakeFiles\cmTC_47a02.dir\build.make CMakeFiles/cmTC_47a02.dir/build
mingw32-make[1]: Entering directory 'C:/Users/kamil/Desktop/tp_projekt_3/build/CMakeFiles/CMakeScratch/TryCompile-rba27z'
Building C object CMakeFiles/cmTC_47a02.dir/CheckSymbolExists.c.obj
C:\msys64\mingw64\bin\gcc.exe   -idirafter "C:/Users/kamil/Desktop/tp_projekt_3/tp_projekt_3/SDL/src/video/khronos"  -D_GNU_SOURCE=1 -o CMakeFiles\cmTC_47a02.dir\CheckSymbolExists.c.obj -c C:\Users\kamil\Desktop\tp_projekt_3\build\CMakeFiles\CMakeScratch\TryCompile-rba27z\CheckSymbolExists.c
C:\Users\kamil\Desktop\tp_projekt_3\build\CMakeFiles\CMakeScratch\TryCompile-rba27z\CheckSymbolExists.c: In function 'main':
C:\Users\kamil\Desktop\tp_projekt_3\build\CMakeFiles\CMakeScratch\TryCompile-rba27z\CheckSymbolExists.c:8:19: error: 'sigaction' undeclared (first use in this function)
    8 |   return ((int*)(&sigaction))[argc];
      |                   ^~~~~~~~~
C:\Users\kamil\Desktop\tp_projekt_3\build\CMakeFiles\CMakeScratch\TryCompile-rba27z\CheckSymbolExists.c:8:19: note: each undeclared identifier is reported only once for each function it appears in
mingw32-make[1]: *** [CMakeFiles\cmTC_47a02.dir\build.make:77: CMakeFiles/cmTC_47a02.dir/CheckSymbolExists.c.obj] Error 1
mingw32-make[1]: Leaving directory 'C:/Users/kamil/Desktop/tp_projekt_3/build/CMakeFiles/CMakeScratch/TryCompile-rba27z'
mingw32-make: *** [Makefile:126: cmTC_47a02/fast] Error 2


File CheckSymbolExists.c:
/* */
#include <signal.h>

int main(int argc, char** argv)
{
  (void)argv;
#ifndef sigaction
  return ((int*)(&sigaction))[argc];
#else
  (void)argc;
  return 0;
#endif
}
Determining if the sysconf exist failed with the following output:
Change Dir: C:/Users/kamil/Desktop/tp_projekt_3/build/CMakeFiles/CMakeScratch/TryCompile-jzau78

Run Build Command(s):C:/msys64/mingw64/bin/mingw32-make.exe -f Makefile cmTC_97f9f/fast && C:/msys64/mingw64/bin/mingw32-make.exe  -f CMakeFiles\cmTC_97f9f.dir\build.make CMakeFiles/cmTC_97f9f.dir/build
mingw32-make[1]: Entering directory 'C:/Users/kamil/Desktop/tp_projekt_3/build/CMakeFiles/CMakeScratch/TryCompile-jzau78'
Building C object CMakeFiles/cmTC_97f9f.dir/CheckSymbolExists.c.obj
C:\msys64\mingw64\bin\gcc.exe   -idirafter "C:/Users/kamil/Desktop/tp_projekt_3/tp_projekt_3/SDL/src/video/khronos"  -D_GNU_SOURCE=1 -o CMakeFiles\cmTC_97f9f.dir\CheckSymbolExists.c.obj -c C:\Users\kamil\Desktop\tp_projekt_3\build\CMakeFiles\CMakeScratch\TryCompile-jzau78\CheckSymbolExists.c
C:\Users\kamil\Desktop\tp_projekt_3\build\CMakeFiles\CMakeScratch\TryCompile-jzau78\CheckSymbolExists.c: In function 'main':
C:\Users\kamil\Desktop\tp_projekt_3\build\CMakeFiles\CMakeScratch\TryCompile-jzau78\CheckSymbolExists.c:8:19: error: 'sysconf' undeclared (first use in this function)
    8 |   return ((int*)(&sysconf))[argc];
      |                   ^~~~~~~
C:\Users\kamil\Desktop\tp_projekt_3\build\CMakeFiles\CMakeScratch\TryCompile-jzau78\CheckSymbolExists.c:8:19: note: each undeclared identifier is reported only once for each function it appears in
mingw32-make[1]: *** [CMakeFiles\cmTC_97f9f.dir\build.make:77: CMakeFiles/cmTC_97f9f.dir/CheckSymbolExists.c.obj] Error 1
mingw32-make[1]: Leaving directory 'C:/Users/kamil/Desktop/tp_projekt_3/build/CMakeFiles/CMakeScratch/TryCompile-jzau78'
mingw32-make: *** [Makefile:126: cmTC_97f9f/fast] Error 2


File CheckSymbolExists.c:
/* */
#include <unistd.h>

int main(int argc, char** argv)
{
  (void)argv;
#ifndef sysconf
  return ((int*)(&sysconf))[argc];
#else
  (void)argc;
  return 0;
#endif
}
Determining if the sysctlbyname exist failed with the following output:
Change Dir: C:/Users/kamil/Desktop/tp_projekt_3/build/CMakeFiles/CMakeScratch/TryCompile-pybj3i

Run Build Command(s):C:/msys64/mingw64/bin/mingw32-make.exe -f Makefile cmTC_03151/fast && C:/msys64/mingw64/bin/mingw32-make.exe  -f CMakeFiles\cmTC_03151.dir\build.make CMakeFiles/cmTC_03151.dir/build
mingw32-make[1]: Entering directory 'C:/Users/kamil/Desktop/tp_projekt_3/build/CMakeFiles/CMakeScratch/TryCompile-pybj3i'
Building C object CMakeFiles/cmTC_03151.dir/CheckSymbolExists.c.obj
C:\msys64\mingw64\bin\gcc.exe   -idirafter "C:/Users/kamil/Desktop/tp_projekt_3/tp_projekt_3/SDL/src/video/khronos"  -D_GNU_SOURCE=1 -o CMakeFiles\cmTC_03151.dir\CheckSymbolExists.c.obj -c C:\Users\kamil\Desktop\tp_projekt_3\build\CMakeFiles\CMakeScratch\TryCompile-pybj3i\CheckSymbolExists.c
C:\Users\kamil\Desktop\tp_projekt_3\build\CMakeFiles\CMakeScratch\TryCompile-pybj3i\CheckSymbolExists.c:3:10: fatal error: sys/sysctl.h: No such file or directory
    3 | #include <sys/sysctl.h>
      |          ^~~~~~~~~~~~~~
compilation terminated.
mingw32-make[1]: *** [CMakeFiles\cmTC_03151.dir\build.make:77: CMakeFiles/cmTC_03151.dir/CheckSymbolExists.c.obj] Error 1
mingw32-make[1]: Leaving directory 'C:/Users/kamil/Desktop/tp_projekt_3/build/CMakeFiles/CMakeScratch/TryCompile-pybj3i'
mingw32-make: *** [Makefile:126: cmTC_03151/fast] Error 2


File CheckSymbolExists.c:
/* */
#include <sys/types.h>
#include <sys/sysctl.h>

int main(int argc, char** argv)
{
  (void)argv;
#ifndef sysctlbyname
  return ((int*)(&sysctlbyname))[argc];
#else
  (void)argc;
  return 0;
#endif
}
Determining if the getauxval exist failed with the following output:
Change Dir: C:/Users/kamil/Desktop/tp_projekt_3/build/CMakeFiles/CMakeScratch/TryCompile-wcg8ob

Run Build Command(s):C:/msys64/mingw64/bin/mingw32-make.exe -f Makefile cmTC_958c3/fast && C:/msys64/mingw64/bin/mingw32-make.exe  -f CMakeFiles\cmTC_958c3.dir\build.make CMakeFiles/cmTC_958c3.dir/build
mingw32-make[1]: Entering directory 'C:/Users/kamil/Desktop/tp_projekt_3/build/CMakeFiles/CMakeScratch/TryCompile-wcg8ob'
Building C object CMakeFiles/cmTC_958c3.dir/CheckSymbolExists.c.obj
C:\msys64\mingw64\bin\gcc.exe   -idirafter "C:/Users/kamil/Desktop/tp_projekt_3/tp_projekt_3/SDL/src/video/khronos"  -D_GNU_SOURCE=1 -o CMakeFiles\cmTC_958c3.dir\CheckSymbolExists.c.obj -c C:\Users\kamil\Desktop\tp_projekt_3\build\CMakeFiles\CMakeScratch\TryCompile-wcg8ob\CheckSymbolExists.c
C:\Users\kamil\Desktop\tp_projekt_3\build\CMakeFiles\CMakeScratch\TryCompile-wcg8ob\CheckSymbolExists.c:2:10: fatal error: sys/auxv.h: No such file or directory
    2 | #include <sys/auxv.h>
      |          ^~~~~~~~~~~~
compilation terminated.
mingw32-make[1]: *** [CMakeFiles\cmTC_958c3.dir\build.make:77: CMakeFiles/cmTC_958c3.dir/CheckSymbolExists.c.obj] Error 1
mingw32-make[1]: Leaving directory 'C:/Users/kamil/Desktop/tp_projekt_3/build/CMakeFiles/CMakeScratch/TryCompile-wcg8ob'
mingw32-make: *** [Makefile:126: cmTC_958c3/fast] Error 2


File CheckSymbolExists.c:
/* */
#include <sys/auxv.h>

int main(int argc, char** argv)
{
  (void)argv;
#ifndef getauxval
  return ((int*)(&getauxval))[argc];
#else
  (void)argc;
  return 0;
#endif
}
Determining if the elf_aux_info exist failed with the following output:
Change Dir: C:/Users/kamil/Desktop/tp_projekt_3/build/CMakeFiles/CMakeScratch/TryCompile-3uskwo

Run Build Command(s):C:/msys64/mingw64/bin/mingw32-make.exe -f Makefile cmTC_c671b/fast && C:/msys64/mingw64/bin/mingw32-make.exe  -f CMakeFiles\cmTC_c671b.dir\build.make CMakeFiles/cmTC_c671b.dir/build
mingw32-make[1]: Entering directory 'C:/Users/kamil/Desktop/tp_projekt_3/build/CMakeFiles/CMakeScratch/TryCompile-3uskwo'
Building C object CMakeFiles/cmTC_c671b.dir/CheckSymbolExists.c.obj
C:\msys64\mingw64\bin\gcc.exe   -idirafter "C:/Users/kamil/Desktop/tp_projekt_3/tp_projekt_3/SDL/src/video/khronos"  -D_GNU_SOURCE=1 -o CMakeFiles\cmTC_c671b.dir\CheckSymbolExists.c.obj -c C:\Users\kamil\Desktop\tp_projekt_3\build\CMakeFiles\CMakeScratch\TryCompile-3uskwo\CheckSymbolExists.c
C:\Users\kamil\Desktop\tp_projekt_3\build\CMakeFiles\CMakeScratch\TryCompile-3uskwo\CheckSymbolExists.c:2:10: fatal error: sys/auxv.h: No such file or directory
    2 | #include <sys/auxv.h>
      |          ^~~~~~~~~~~~
compilation terminated.
mingw32-make[1]: *** [CMakeFiles\cmTC_c671b.dir\build.make:77: CMakeFiles/cmTC_c671b.dir/CheckSymbolExists.c.obj] Error 1
mingw32-make[1]: Leaving directory 'C:/Users/kamil/Desktop/tp_projekt_3/build/CMakeFiles/CMakeScratch/TryCompile-3uskwo'
mingw32-make: *** [Makefile:126: cmTC_c671b/fast] Error 2


File CheckSymbolExists.c:
/* */
#include <sys/auxv.h>

int main(int argc, char** argv)
{
  (void)argv;
#ifndef elf_aux_info
  return ((int*)(&elf_aux_info))[argc];
#else
  (void)argc;
  return 0;
#endif
}
Determining if the poll exist failed with the following output:
Change Dir: C:/Users/kamil/Desktop/tp_projekt_3/build/CMakeFiles/CMakeScratch/TryCompile-1zsx16

Run Build Command(s):C:/msys64/mingw64/bin/mingw32-make.exe -f Makefile cmTC_81934/fast && C:/msys64/mingw64/bin/mingw32-make.exe  -f CMakeFiles\cmTC_81934.dir\build.make CMakeFiles/cmTC_81934.dir/build
mingw32-make[1]: Entering directory 'C:/Users/kamil/Desktop/tp_projekt_3/build/CMakeFiles/CMakeScratch/TryCompile-1zsx16'
Building C object CMakeFiles/cmTC_81934.dir/CheckSymbolExists.c.obj
C:\msys64\mingw64\bin\gcc.exe   -idirafter "C:/Users/kamil/Desktop/tp_projekt_3/tp_projekt_3/SDL/src/video/khronos"  -D_GNU_SOURCE=1 -o CMakeFiles\cmTC_81934.dir\CheckSymbolExists.c.obj -c C:\Users\kamil\Desktop\tp_projekt_3\build\CMakeFiles\CMakeScratch\TryCompile-1zsx16\CheckSymbolExists.c
C:\Users\kamil\Desktop\tp_projekt_3\build\CMakeFiles\CMakeScratch\TryCompile-1zsx16\CheckSymbolExists.c:2:10: fatal error: poll.h: No such file or directory
    2 | #include <poll.h>
      |          ^~~~~~~~
compilation terminated.
mingw32-make[1]: *** [CMakeFiles\cmTC_81934.dir\build.make:77: CMakeFiles/cmTC_81934.dir/CheckSymbolExists.c.obj] Error 1
mingw32-make[1]: Leaving directory 'C:/Users/kamil/Desktop/tp_projekt_3/build/CMakeFiles/CMakeScratch/TryCompile-1zsx16'
mingw32-make: *** [Makefile:126: cmTC_81934/fast] Error 2


File CheckSymbolExists.c:
/* */
#include <poll.h>

int main(int argc, char** argv)
{
  (void)argv;
#ifndef poll
  return ((int*)(&poll))[argc];
#else
  (void)argc;
  return 0;
#endif
}
Determining if the function iconv_open exists in the iconv failed with the following output:
Change Dir: C:/Users/kamil/Desktop/tp_projekt_3/build/CMakeFiles/CMakeScratch/TryCompile-8fku3u

Run Build Command(s):C:/msys64/mingw64/bin/mingw32-make.exe -f Makefile cmTC_80259/fast && C:/msys64/mingw64/bin/mingw32-make.exe  -f CMakeFiles\cmTC_80259.dir\build.make CMakeFiles/cmTC_80259.dir/build
mingw32-make[1]: Entering directory 'C:/Users/kamil/Desktop/tp_projekt_3/build/CMakeFiles/CMakeScratch/TryCompile-8fku3u'
Building C object CMakeFiles/cmTC_80259.dir/CheckFunctionExists.c.obj
C:\msys64\mingw64\bin\gcc.exe   -idirafter "C:/Users/kamil/Desktop/tp_projekt_3/tp_projekt_3/SDL/src/video/khronos" -DCHECK_FUNCTION_EXISTS=iconv_open  -D_GNU_SOURCE=1 -o CMakeFiles\cmTC_80259.dir\CheckFunctionExists.c.obj -c C:\Users\kamil\Desktop\tp_projekt_3\build\CMakeFiles\CMakeScratch\TryCompile-8fku3u\CheckFunctionExists.c
Linking C executable cmTC_80259.exe
"C:\Program Files\Microsoft Visual Studio\2022\Community\Common7\IDE\CommonExtensions\Microsoft\CMake\CMake\bin\cmake.exe" -E cmake_link_script CMakeFiles\cmTC_80259.dir\link.txt --verbose=1
"C:\Program Files\Microsoft Visual Studio\2022\Community\Common7\IDE\CommonExtensions\Microsoft\CMake\CMake\bin\cmake.exe" -E rm -f CMakeFiles\cmTC_80259.dir/objects.a
C:\msys64\mingw64\bin\ar.exe qc CMakeFiles\cmTC_80259.dir/objects.a @CMakeFiles\cmTC_80259.dir\objects1
C:\msys64\mingw64\bin\gcc.exe  -idirafter "C:/Users/kamil/Desktop/tp_projekt_3/tp_projekt_3/SDL/src/video/khronos" -DCHECK_FUNCTION_EXISTS=iconv_open  -D_GNU_SOURCE=1 -Wl,--whole-archive CMakeFiles\cmTC_80259.dir/objects.a -Wl,--no-whole-archive -o cmTC_80259.exe -Wl,--out-implib,libcmTC_80259.dll.a -Wl,--major-image-version,0,--minor-image-version,0 @CMakeFiles\cmTC_80259.dir\linkLibs.rsp
C:/msys64/mingw64/bin/../lib/gcc/x86_64-w64-mingw32/12.2.0/../../../../x86_64-w64-mingw32/bin/ld.exe: CMakeFiles\cmTC_80259.dir/objects.a(CheckFunctionExists.c.obj):CheckFunctionExists.c:(.text+0x15): undefined reference to `iconv_open'
collect2.exe: error: ld returned 1 exit status
mingw32-make[1]: *** [CMakeFiles\cmTC_80259.dir\build.make:100: cmTC_80259.exe] Error 1
mingw32-make[1]: Leaving directory 'C:/Users/kamil/Desktop/tp_projekt_3/build/CMakeFiles/CMakeScratch/TryCompile-8fku3u'
mingw32-make: *** [Makefile:126: cmTC_80259/fast] Error 2



Determining if the function iconv_open exists in the c failed with the following output:
Change Dir: C:/Users/kamil/Desktop/tp_projekt_3/build/CMakeFiles/CMakeScratch/TryCompile-98m3l1

Run Build Command(s):C:/msys64/mingw64/bin/mingw32-make.exe -f Makefile cmTC_3b353/fast && C:/msys64/mingw64/bin/mingw32-make.exe  -f CMakeFiles\cmTC_3b353.dir\build.make CMakeFiles/cmTC_3b353.dir/build
mingw32-make[1]: Entering directory 'C:/Users/kamil/Desktop/tp_projekt_3/build/CMakeFiles/CMakeScratch/TryCompile-98m3l1'
Building C object CMakeFiles/cmTC_3b353.dir/CheckFunctionExists.c.obj
C:\msys64\mingw64\bin\gcc.exe   -idirafter "C:/Users/kamil/Desktop/tp_projekt_3/tp_projekt_3/SDL/src/video/khronos" -DCHECK_FUNCTION_EXISTS=iconv_open  -D_GNU_SOURCE=1 -o CMakeFiles\cmTC_3b353.dir\CheckFunctionExists.c.obj -c C:\Users\kamil\Desktop\tp_projekt_3\build\CMakeFiles\CMakeScratch\TryCompile-98m3l1\CheckFunctionExists.c
Linking C executable cmTC_3b353.exe
"C:\Program Files\Microsoft Visual Studio\2022\Community\Common7\IDE\CommonExtensions\Microsoft\CMake\CMake\bin\cmake.exe" -E cmake_link_script CMakeFiles\cmTC_3b353.dir\link.txt --verbose=1
"C:\Program Files\Microsoft Visual Studio\2022\Community\Common7\IDE\CommonExtensions\Microsoft\CMake\CMake\bin\cmake.exe" -E rm -f CMakeFiles\cmTC_3b353.dir/objects.a
C:\msys64\mingw64\bin\ar.exe qc CMakeFiles\cmTC_3b353.dir/objects.a @CMakeFiles\cmTC_3b353.dir\objects1
C:\msys64\mingw64\bin\gcc.exe  -idirafter "C:/Users/kamil/Desktop/tp_projekt_3/tp_projekt_3/SDL/src/video/khronos" -DCHECK_FUNCTION_EXISTS=iconv_open  -D_GNU_SOURCE=1 -Wl,--whole-archive CMakeFiles\cmTC_3b353.dir/objects.a -Wl,--no-whole-archive -o cmTC_3b353.exe -Wl,--out-implib,libcmTC_3b353.dll.a -Wl,--major-image-version,0,--minor-image-version,0 @CMakeFiles\cmTC_3b353.dir\linkLibs.rsp
C:/msys64/mingw64/bin/../lib/gcc/x86_64-w64-mingw32/12.2.0/../../../../x86_64-w64-mingw32/bin/ld.exe: cannot find -lc: No such file or directory
collect2.exe: error: ld returned 1 exit status
mingw32-make[1]: *** [CMakeFiles\cmTC_3b353.dir\build.make:100: cmTC_3b353.exe] Error 1
mingw32-make[1]: Leaving directory 'C:/Users/kamil/Desktop/tp_projekt_3/build/CMakeFiles/CMakeScratch/TryCompile-98m3l1'
mingw32-make: *** [Makefile:126: cmTC_3b353/fast] Error 2



Determining if the include file alloca.h exists failed with the following output:
Change Dir: C:/Users/kamil/Desktop/tp_projekt_3/build/CMakeFiles/CMakeScratch/TryCompile-ymjf1k

Run Build Command(s):C:/msys64/mingw64/bin/mingw32-make.exe -f Makefile cmTC_020b1/fast && C:/msys64/mingw64/bin/mingw32-make.exe  -f CMakeFiles\cmTC_020b1.dir\build.make CMakeFiles/cmTC_020b1.dir/build
mingw32-make[1]: Entering directory 'C:/Users/kamil/Desktop/tp_projekt_3/build/CMakeFiles/CMakeScratch/TryCompile-ymjf1k'
Building C object CMakeFiles/cmTC_020b1.dir/CheckIncludeFile.c.obj
C:\msys64\mingw64\bin\gcc.exe   -idirafter "C:/Users/kamil/Desktop/tp_projekt_3/tp_projekt_3/SDL/src/video/khronos"  -D_GNU_SOURCE=1 -o CMakeFiles\cmTC_020b1.dir\CheckIncludeFile.c.obj -c C:\Users\kamil\Desktop\tp_projekt_3\build\CMakeFiles\CMakeScratch\TryCompile-ymjf1k\CheckIncludeFile.c
C:\Users\kamil\Desktop\tp_projekt_3\build\CMakeFiles\CMakeScratch\TryCompile-ymjf1k\CheckIncludeFile.c:1:10: fatal error: alloca.h: No such file or directory
    1 | #include <alloca.h>
      |          ^~~~~~~~~~
compilation terminated.
mingw32-make[1]: *** [CMakeFiles\cmTC_020b1.dir\build.make:77: CMakeFiles/cmTC_020b1.dir/CheckIncludeFile.c.obj] Error 1
mingw32-make[1]: Leaving directory 'C:/Users/kamil/Desktop/tp_projekt_3/build/CMakeFiles/CMakeScratch/TryCompile-ymjf1k'
mingw32-make: *** [Makefile:126: cmTC_020b1/fast] Error 2



Determining if the alloca exist failed with the following output:
Change Dir: C:/Users/kamil/Desktop/tp_projekt_3/build/CMakeFiles/CMakeScratch/TryCompile-zcv7ln

Run Build Command(s):C:/msys64/mingw64/bin/mingw32-make.exe -f Makefile cmTC_58472/fast && C:/msys64/mingw64/bin/mingw32-make.exe  -f CMakeFiles\cmTC_58472.dir\build.make CMakeFiles/cmTC_58472.dir/build
mingw32-make[1]: Entering directory 'C:/Users/kamil/Desktop/tp_projekt_3/build/CMakeFiles/CMakeScratch/TryCompile-zcv7ln'
Building C object CMakeFiles/cmTC_58472.dir/CheckSymbolExists.c.obj
C:\msys64\mingw64\bin\gcc.exe   -idirafter "C:/Users/kamil/Desktop/tp_projekt_3/tp_projekt_3/SDL/src/video/khronos"  -D_GNU_SOURCE=1 -o CMakeFiles\cmTC_58472.dir\CheckSymbolExists.c.obj -c C:\Users\kamil\Desktop\tp_projekt_3\build\CMakeFiles\CMakeScratch\TryCompile-zcv7ln\CheckSymbolExists.c
C:\Users\kamil\Desktop\tp_projekt_3\build\CMakeFiles\CMakeScratch\TryCompile-zcv7ln\CheckSymbolExists.c:2:10: fatal error: alloca.h: No such file or directory
    2 | #include <alloca.h>
      |          ^~~~~~~~~~
compilation terminated.
mingw32-make[1]: *** [CMakeFiles\cmTC_58472.dir\build.make:77: CMakeFiles/cmTC_58472.dir/CheckSymbolExists.c.obj] Error 1
mingw32-make[1]: Leaving directory 'C:/Users/kamil/Desktop/tp_projekt_3/build/CMakeFiles/CMakeScratch/TryCompile-zcv7ln'
mingw32-make: *** [Makefile:126: cmTC_58472/fast] Error 2


File CheckSymbolExists.c:
/* */
#include <alloca.h>

int main(int argc, char** argv)
{
  (void)argv;
#ifndef alloca
  return ((int*)(&alloca))[argc];
#else
  (void)argc;
  return 0;
#endif
}
Performing C SOURCE FILE Test HAVE_SA_SIGACTION failed with the following output:
Change Dir: C:/Users/kamil/Desktop/tp_projekt_3/build/CMakeFiles/CMakeScratch/TryCompile-vf7x7f

Run Build Command(s):C:/msys64/mingw64/bin/mingw32-make.exe -f Makefile cmTC_46ac3/fast && C:/msys64/mingw64/bin/mingw32-make.exe  -f CMakeFiles\cmTC_46ac3.dir\build.make CMakeFiles/cmTC_46ac3.dir/build
mingw32-make[1]: Entering directory 'C:/Users/kamil/Desktop/tp_projekt_3/build/CMakeFiles/CMakeScratch/TryCompile-vf7x7f'
Building C object CMakeFiles/cmTC_46ac3.dir/src.c.obj
C:\msys64\mingw64\bin\gcc.exe -DHAVE_SA_SIGACTION  -idirafter "C:/Users/kamil/Desktop/tp_projekt_3/tp_projekt_3/SDL/src/video/khronos"  -D_GNU_SOURCE=1 -o CMakeFiles\cmTC_46ac3.dir\src.c.obj -c C:\Users\kamil\Desktop\tp_projekt_3\build\CMakeFiles\CMakeScratch\TryCompile-vf7x7f\src.c
C:\Users\kamil\Desktop\tp_projekt_3\build\CMakeFiles\CMakeScratch\TryCompile-vf7x7f\src.c: In function 'main':
C:\Users\kamil\Desktop\tp_projekt_3\build\CMakeFiles\CMakeScratch\TryCompile-vf7x7f\src.c:6:39: error: invalid use of undefined type 'struct sigaction'
    6 |   (void)sizeof(((struct sigaction *)0)->sa_sigaction);
      |                                       ^~
mingw32-make[1]: *** [CMakeFiles\cmTC_46ac3.dir\build.make:77: CMakeFiles/cmTC_46ac3.dir/src.c.obj] Error 1
mingw32-make[1]: Leaving directory 'C:/Users/kamil/Desktop/tp_projekt_3/build/CMakeFiles/CMakeScratch/TryCompile-vf7x7f'
mingw32-make: *** [Makefile:126: cmTC_46ac3/fast] Error 2


Source file was:

#include <signal.h>

int main()
{
  (void)sizeof(((struct sigaction *)0)->sa_sigaction);
  return 0;
}


Performing C SOURCE FILE Test HAVE_XINPUT_GAMEPAD_EX failed with the following output:
Change Dir: C:/Users/kamil/Desktop/tp_projekt_3/build/CMakeFiles/CMakeScratch/TryCompile-3zl2l6

Run Build Command(s):C:/msys64/mingw64/bin/mingw32-make.exe -f Makefile cmTC_196d7/fast && C:/msys64/mingw64/bin/mingw32-make.exe  -f CMakeFiles\cmTC_196d7.dir\build.make CMakeFiles/cmTC_196d7.dir/build
mingw32-make[1]: Entering directory 'C:/Users/kamil/Desktop/tp_projekt_3/build/CMakeFiles/CMakeScratch/TryCompile-3zl2l6'
Building C object CMakeFiles/cmTC_196d7.dir/src.c.obj
C:\msys64\mingw64\bin\gcc.exe -DHAVE_XINPUT_GAMEPAD_EX  -idirafter "C:/Users/kamil/Desktop/tp_projekt_3/tp_projekt_3/SDL/src/video/khronos"  -D_GNU_SOURCE=1 -o CMakeFiles\cmTC_196d7.dir\src.c.obj -c C:\Users\kamil\Desktop\tp_projekt_3\build\CMakeFiles\CMakeScratch\TryCompile-3zl2l6\src.c
C:\Users\kamil\Desktop\tp_projekt_3\build\CMakeFiles\CMakeScratch\TryCompile-3zl2l6\src.c:4:7: error: unknown type name 'XINPUT_GAMEPAD_EX'; did you mean 'XINPUT_GAMEPAD_X'?
    4 |       XINPUT_GAMEPAD_EX x1;
      |       ^~~~~~~~~~~~~~~~~
      |       XINPUT_GAMEPAD_X
mingw32-make[1]: *** [CMakeFiles\cmTC_196d7.dir\build.make:77: CMakeFiles/cmTC_196d7.dir/src.c.obj] Error 1
mingw32-make[1]: Leaving directory 'C:/Users/kamil/Desktop/tp_projekt_3/build/CMakeFiles/CMakeScratch/TryCompile-3zl2l6'
mingw32-make: *** [Makefile:126: cmTC_196d7/fast] Error 2


Source file was:

      #include <windows.h>
      #include <xinput.h>
      XINPUT_GAMEPAD_EX x1;
      int main(int argc, char **argv) { return 0; }

Performing C SOURCE FILE Test HAVE_XINPUT_STATE_EX failed with the following output:
Change Dir: C:/Users/kamil/Desktop/tp_projekt_3/build/CMakeFiles/CMakeScratch/TryCompile-0ub66n

Run Build Command(s):C:/msys64/mingw64/bin/mingw32-make.exe -f Makefile cmTC_6ec09/fast && C:/msys64/mingw64/bin/mingw32-make.exe  -f CMakeFiles\cmTC_6ec09.dir\build.make CMakeFiles/cmTC_6ec09.dir/build
mingw32-make[1]: Entering directory 'C:/Users/kamil/Desktop/tp_projekt_3/build/CMakeFiles/CMakeScratch/TryCompile-0ub66n'
Building C object CMakeFiles/cmTC_6ec09.dir/src.c.obj
C:\msys64\mingw64\bin\gcc.exe -DHAVE_XINPUT_STATE_EX  -idirafter "C:/Users/kamil/Desktop/tp_projekt_3/tp_projekt_3/SDL/src/video/khronos"  -D_GNU_SOURCE=1 -o CMakeFiles\cmTC_6ec09.dir\src.c.obj -c C:\Users\kamil\Desktop\tp_projekt_3\build\CMakeFiles\CMakeScratch\TryCompile-0ub66n\src.c
C:\Users\kamil\Desktop\tp_projekt_3\build\CMakeFiles\CMakeScratch\TryCompile-0ub66n\src.c:4:7: error: unknown type name 'XINPUT_STATE_EX'; did you mean 'XINPUT_STATE'?
    4 |       XINPUT_STATE_EX s1;
      |       ^~~~~~~~~~~~~~~
      |       XINPUT_STATE
mingw32-make[1]: *** [CMakeFiles\cmTC_6ec09.dir\build.make:77: CMakeFiles/cmTC_6ec09.dir/src.c.obj] Error 1
mingw32-make[1]: Leaving directory 'C:/Users/kamil/Desktop/tp_projekt_3/build/CMakeFiles/CMakeScratch/TryCompile-0ub66n'
mingw32-make: *** [Makefile:126: cmTC_6ec09/fast] Error 2


Source file was:

      #include <windows.h>
      #include <xinput.h>
      XINPUT_STATE_EX s1;
      int main(int argc, char **argv) { return 0; }

